Report Physical info: 
------------------------+-------------+-----------+------------
                        |             |Area (squm)|Leakage (uW)
------------------------+-------------+-----------+------------
Design Name             |float_mult   |           |            
  Total Instances       |         2946|       3733|      85.018
    Macros              |            0|          0|       0.000
    Pads                |            0|          0|       0.000
    Phys                |            0|          0|       0.000
    Blackboxes          |            0|          0|       0.000
    Cells               |         2946|       3733|      85.018
      Buffers           |            0|          0|       0.000
      Inverters         |          321|        171|       4.607
      Clock-Gates       |            0|          0|       0.000
      Combinational     |         2529|       3128|      72.816
      Latches           |            0|          0|       0.000
      FlipFlops         |           96|        434|       7.595
       Single-Bit FF    |           96|        434|       7.595
       Multi-Bit FF     |            0|          0|       0.000
       Clock-Gated      |            0|           |            
       Bits             |           96|        434|       7.595
         Load-Enabled   |            0|           |            
         Clock-Gated    |            0|           |            
  Tristate Pin Count    |            0|           |            
Physical Info           |Placed       |           |            
  Chip Size (mm x mm)   |0.133 x 0.133|      17694|            
  Fixed Cell Area       |             |          0|            
    Phys Only           |            0|          0|            
  Placeable Area        |             |       5311|            
  Movable Cell Area     |             |       3733|            
  Utilization (%)       |           70|           |            
  Chip Utilization (%)  |           70|           |            
  Total Wire Length (mm)|        6.821|           |            
  Longest Wire (mm)     |        0.070|           |            
  Average Wire (mm)     |        0.068|           |            
------------------------+-------------+-----------+------------
