Report End Points: 
-----+-------+-------+-------+------+------+-----+------+-----------------+--------------------
     |Group  |Launch |Capture|Shift |Delay |Depth|Slack |Begin Point      |End Point           
-----+-------+-------+-------+------+------+-----+------+-----------------+--------------------
1    |default|vsysclk|vsysclk|6000.0|3238.5|   95|2559.4|regA/out_reg[4]/Q|regOut/out_reg[22]/D
2    |default|vsysclk|vsysclk|6000.0|3238.5|   95|2559.4|regA/out_reg[4]/Q|regOut/out_reg[21]/D
3    |default|vsysclk|vsysclk|6000.0|3238.5|   95|2559.4|regA/out_reg[4]/Q|regOut/out_reg[20]/D
-----+-------+-------+-------+------+------+-----+------+-----------------+--------------------
Report End Points: 
-----+-----+-------+-------+------+-----+-----+------+-----------+------------------
     |Group|Launch |Capture|Shift |Delay|Depth|Slack |Begin Point|End Point         
-----+-----+-------+-------+------+-----+-----+------+-----------+------------------
1    |I2R  |vsysclk|vsysclk|6000.0|  0.6|    0|5666.8|B[31]      |regB/out_reg[31]/D
2    |I2R  |vsysclk|vsysclk|6000.0|  0.6|    0|5666.8|B[30]      |regB/out_reg[30]/D
3    |I2R  |vsysclk|vsysclk|6000.0|  0.6|    0|5666.8|B[29]      |regB/out_reg[29]/D
-----+-----+-------+-------+------+-----+-----+------+-----------+------------------
Report End Points: 
-----+-----+------+-------+-----+-----+-----+-----+-----------+---------
     |Group|Launch|Capture|Shift|Delay|Depth|Slack|Begin Point|End Point
-----+-----+------+-------+-----+-----+-----+-----+-----------+---------
1    |I2O  |      |       |     |     |     |     |           |         
-----+-----+------+-------+-----+-----+-----+-----+-----------+---------
Report End Points: 
-----+-----+-------+-------+------+------+-----+------+------------------+---------
     |Group|Launch |Capture|Shift |Delay |Depth|Slack |Begin Point       |End Point
-----+-----+-------+-------+------+------+-----+------+------------------+---------
1    |R2O  |vsysclk|vsysclk|6000.0|3152.2|   95|2176.5|regA/out_reg[4]/Q |Overflow 
2    |R2O  |vsysclk|vsysclk|6000.0|3150.6|   95|2178.1|regA/out_reg[4]/Q |Underflow
3    |R2O  |vsysclk|vsysclk|6000.0|  59.7|    2|5320.7|regA/out_reg[24]/Q|Exception
-----+-----+-------+-------+------+------+-----+------+------------------+---------
