warning: No library characterized for (process = 1.00 voltage = 0.85 temperature = 25.00) can be found in the database for power domain '/PD_TOP'  [NL-174]
Report Power (instances with prefix '*' are included in total) : 
-----+--------------------+--------------------+---------------------+-------------------+-----------------
     | Instance           | Internal Power(uw) | Switching Power(uw) | Leakage Power(uw) | Total Power(uw) 
-----+--------------------+--------------------+---------------------+-------------------+-----------------
1    |*regB               |           22.778679|           137.584671|           2.531593|       162.894943
2    |*regA               |           22.780045|           141.126251|           2.531593|       166.437897
3    |*mantissa_multiplier|          392.131348|          1073.128174|          71.917427|      1537.177002
4    |*regOut             |           21.218502|            20.967278|           2.531593|        44.717373
5    |*i_0_6              |            8.283654|             8.115737|           1.375824|        17.775215
6    |*i_0_0_0            |            0.187545|             0.066013|           0.025066|         0.278624
7    |*i_0_0_1            |            0.187539|             0.066011|           0.025066|         0.278616
8    |*i_0_0_2            |            0.187576|             0.066014|           0.025066|         0.278656
9    |*i_0_0_3            |            0.187629|             0.066014|           0.025066|         0.278710
10   |*i_0_0_4            |            0.187603|             0.066014|           0.025066|         0.278683
11   |*i_0_0_5            |            0.187736|             0.066014|           0.025066|         0.278817
12   |*i_0_0_6            |            0.187121|             0.065789|           0.025066|         0.277976
13   |*i_0_0_7            |            0.179534|             0.063190|           0.025066|         0.267790
14   |*i_0_0_8            |            0.182846|             0.064348|           0.025066|         0.272260
15   |*i_0_0_9            |            0.186444|             0.065597|           0.025066|         0.277108
16   |*i_0_0_10           |            0.187375|             0.065878|           0.025066|         0.278319
17   |*i_0_0_11           |            0.186721|             0.065723|           0.025066|         0.277510
18   |*i_0_0_12           |            0.187146|             0.065863|           0.025066|         0.278075
19   |*i_0_0_13           |            0.187629|             0.066014|           0.025066|         0.278710
20   |*i_0_0_14           |            0.186788|             0.065671|           0.025066|         0.277525
21   |*i_0_0_15           |            0.187044|             0.065837|           0.025066|         0.277947
22   |*i_0_0_16           |            0.187576|             0.066014|           0.025066|         0.278656
23   |*i_0_0_17           |            0.187032|             0.065804|           0.025066|         0.277902
24   |*i_0_0_18           |            0.187453|             0.065905|           0.025066|         0.278424
25   |*i_0_0_19           |            0.187608|             0.066035|           0.025066|         0.278709
26   |*i_0_0_20           |            0.187549|             0.066005|           0.025066|         0.278620
27   |*i_0_0_21           |            0.187686|             0.066034|           0.025066|         0.278786
28   |*i_0_0_22           |            0.188317|             0.066503|           0.025066|         0.279886
29   |*i_0_0_23           |            0.093759|             2.443184|           0.021200|         2.558142
30   |*i_0_0_24           |            0.153561|             0.073827|           0.022619|         0.250008
31   |*i_0_0_25           |            0.250609|             0.218331|           0.036441|         0.505381
32   |*i_0_0_26           |            0.261759|             0.200147|           0.036441|         0.498347
33   |*i_0_0_27           |            0.153561|             0.073827|           0.022619|         0.250008
34   |*i_0_0_28           |            0.154213|             0.073826|           0.022619|         0.250659
35   |*i_0_0_29           |            0.255700|             0.218273|           0.036164|         0.510137
36   |*i_0_0_30           |            0.109452|             0.183016|           0.017393|         0.309861
37   |*i_0_0_31           |            0.290717|             0.075129|           0.048314|         0.414160
38   |*i_0_0_32           |            0.148804|             0.070348|           0.025066|         0.244219
39   |*i_0_0_33           |            0.153420|             0.073812|           0.022619|         0.249851
40   |*i_0_0_34           |            0.253081|             0.218267|           0.036441|         0.507789
41   |*i_0_0_35           |            0.153561|             0.073827|           0.022619|         0.250008
42   |*i_0_0_36           |            0.152584|             0.073600|           0.022619|         0.248803
43   |*i_0_0_37           |            0.230305|             0.217116|           0.036441|         0.483862
44   |*i_0_0_38           |            0.209949|             0.195312|           0.025066|         0.430327
45   |*i_0_0_39           |            0.155361|             0.073818|           0.022619|         0.251798
46   |*i_0_0_40           |            0.122358|             1.018940|           0.022695|         1.163994
47   |*i_0_0_41           |            0.107124|             0.735697|           0.022695|         0.865516
48   |*i_0_0_42           |            0.006900|             0.007680|           0.022695|         0.037275
49   |*i_0_0_43           |            0.133217|             0.072436|           0.021200|         0.226853
50   |*i_0_0_44           |            0.245004|             0.223403|           0.036441|         0.504849
51   |*i_0_0_45           |            0.073045|             0.378248|           0.021200|         0.472492
52   |*i_0_0_46           |            0.091324|             0.120949|           0.027858|         0.240131
53   |*i_0_0_47           |            0.005363|             0.008310|           0.026832|         0.040505
54   |*i_0_0_48           |            0.046455|             0.347750|           0.021200|         0.415405
55   |*i_0_0_49           |            0.000000|             0.000000|           0.021200|         0.021200
56   |*i_0_0_50           |            0.000000|             0.000000|           0.014353|         0.014353
57   |*i_0_0_51           |            0.000000|             0.000001|           0.021200|         0.021200
58   |*i_0_0_52           |            0.000030|             0.000033|           0.018127|         0.018190
59   |*i_0_0_53           |            0.045060|             0.050563|           0.032601|         0.128225
60   |*i_0_0_54           |            0.065539|             0.090881|           0.026832|         0.183252
61   |*i_0_0_55           |            0.045821|             0.049215|           0.032601|         0.127638
62   |*i_0_0_56           |            0.051379|             0.053755|           0.032601|         0.137735
63   |*i_0_0_57           |            0.002001|             0.003532|           0.017393|         0.022926
64   |*i_0_0_58           |            0.043938|             0.049459|           0.032601|         0.125999
65   |*i_0_0_59           |            0.045427|             0.049176|           0.032601|         0.127205
66   |*i_0_0_60           |            0.076713|             0.223591|           0.022619|         0.322923
67   |*i_0_0_61           |            0.265873|             0.432314|           0.036441|         0.734628
68   |*i_0_0_62           |            0.215956|             0.199929|           0.022695|         0.438581
69   |*i_0_0_63           |            0.075219|             0.294655|           0.026832|         0.396706
70   |*i_0_0_64           |            0.081250|             0.240247|           0.026832|         0.348328
71   |*i_0_0_65           |            0.114944|             0.197512|           0.021200|         0.333655
72   |*i_0_0_66           |            0.066759|             0.368154|           0.014353|         0.449266
73   |*i_0_0_67           |            0.190535|             1.207842|           0.025066|         1.423443
74   |*i_0_0_68           |            0.065314|             0.073005|           0.017393|         0.155712
75   |*i_0_0_69           |            0.116514|             0.294924|           0.022619|         0.434058
76   |*i_0_0_70           |            0.063007|             0.219729|           0.017393|         0.300129
77   |*i_0_0_71           |            0.113623|             0.118881|           0.024415|         0.256918
78   |*i_0_0_72           |            0.133355|             0.284598|           0.022619|         0.440573
79   |*i_0_0_73           |            0.090900|             0.255988|           0.021200|         0.368088
80   |*i_0_0_74           |            0.091369|             0.413324|           0.017393|         0.522087
81   |*i_0_0_75           |            0.056988|             0.219089|           0.027858|         0.303936
82   |*i_0_0_76           |            0.152894|             0.304079|           0.022619|         0.479592
83   |*i_0_0_77           |            0.137128|             0.216773|           0.017393|         0.371294
84   |*i_0_0_78           |            0.175695|             0.190429|           0.022039|         0.388163
85   |*i_0_0_79           |            0.000000|             0.000001|           0.018105|         0.018106
86   |*i_0_0_80           |            0.000029|             0.000026|           0.027025|         0.027079
87   |*i_0_0_81           |            0.044275|             0.032365|           0.032601|         0.109241
88   |*i_0_0_82           |            0.073555|             0.052122|           0.032601|         0.158279
89   |*i_0_0_83           |            0.044200|             0.028955|           0.032601|         0.105756
90   |*i_0_0_84           |            0.042271|             0.026169|           0.032601|         0.101042
91   |*i_0_0_85           |            0.038027|             0.046889|           0.032601|         0.117518
92   |*i_0_0_86           |            0.086136|             0.158100|           0.021200|         0.265435
93   |*i_0_0_126          |            0.275246|             0.306357|           0.035928|         0.617531
94   |*i_0_0_127          |            0.275261|             0.307563|           0.035928|         0.618752
95   |*i_0_0_128          |            0.275265|             0.307563|           0.035928|         0.618757
96   |*i_0_0_129          |            0.275265|             0.307563|           0.035928|         0.618757
97   |*i_0_0_130          |            0.275265|             0.307563|           0.035928|         0.618757
98   |*i_0_0_131          |            0.275265|             0.307563|           0.035928|         0.618757
99   |*i_0_0_132          |            0.275331|             0.307546|           0.035928|         0.618806
100  |*i_0_0_133          |            0.274133|             0.305324|           0.035928|         0.615385
101  |*i_0_0_134          |            0.273791|             0.306732|           0.035928|         0.616452
102  |*i_0_0_135          |            0.275206|             0.307507|           0.035928|         0.618641
103  |*i_0_0_136          |            0.275169|             0.307557|           0.035928|         0.618655
104  |*i_0_0_137          |            0.275345|             0.307535|           0.035928|         0.618808
105  |*i_0_0_138          |            0.275158|             0.307556|           0.035928|         0.618643
106  |*i_0_0_139          |            0.275265|             0.307563|           0.035928|         0.618757
107  |*i_0_0_140          |            0.274924|             0.297502|           0.035928|         0.608355
108  |*i_0_0_141          |            0.274709|             0.297530|           0.035928|         0.608167
109  |*i_0_0_142          |            0.274885|             0.297540|           0.035928|         0.608353
110  |*i_0_0_143          |            0.274962|             0.297526|           0.035928|         0.608416
111  |*i_0_0_144          |            0.274775|             0.297536|           0.035928|         0.608240
112  |*i_0_0_145          |            0.274828|             0.297539|           0.035928|         0.608296
113  |*i_0_0_146          |            0.274899|             0.297540|           0.035928|         0.608367
114  |*i_0_0_147          |            0.278487|             0.384269|           0.035928|         0.698684
115  |*i_0_0_148          |            0.268612|             0.171861|           0.035928|         0.476401
116  |*i_0_0_87           |            0.005693|             0.043059|           0.034026|         0.082778
117  |*i_0_0_88           |            0.047205|             0.052228|           0.018127|         0.117560
118  |*i_0_0_89           |            0.047389|             0.052756|           0.018127|         0.118272
119  |*i_0_0_90           |            0.047167|             0.052288|           0.018127|         0.117582
120  |*i_0_0_91           |            0.047302|             0.052357|           0.018127|         0.117786
121  |*i_0_0_92           |            0.088147|             0.241892|           0.018105|         0.348144
122  |*i_0_0_93           |            0.046867|             0.472708|           0.026832|         0.546407
123  |*i_0_0_94           |            0.244915|             0.388828|           0.036441|         0.670184
124  |*i_0_0_95           |            0.024682|             0.063661|           0.014353|         0.102696
125  |*i_0_0_96           |            0.083899|             0.144287|           0.017393|         0.245580
126  |*i_0_0_97           |            0.212275|             0.218331|           0.036441|         0.467047
127  |*i_0_0_98           |            0.229576|             0.218331|           0.036441|         0.484349
128  |*i_0_0_99           |            0.223747|             0.411669|           0.036164|         0.671579
129  |*i_0_0_100          |            0.247556|             0.404926|           0.036441|         0.688923
130  |*i_0_0_101          |            0.151439|             0.321491|           0.034026|         0.506956
131  |*i_0_0_102          |            0.263341|             0.419945|           0.036441|         0.719727
132  |*i_0_0_103          |            0.151581|             0.417015|           0.022619|         0.591216
133  |*i_0_0_104          |            0.091748|             0.458707|           0.017393|         0.567848
134  |*i_0_0_105          |            0.109453|             0.364567|           0.021200|         0.495219
135  |*i_0_0_106          |            0.088223|             0.246680|           0.021200|         0.356103
136  |*i_0_0_107          |            0.140262|             0.348621|           0.027858|         0.516742
137  |*i_0_0_108          |            0.138145|             0.381389|           0.022619|         0.542153
138  |*i_0_0_109          |            0.136256|             0.397239|           0.027858|         0.561352
139  |*i_0_0_110          |            0.038089|             0.102020|           0.014353|         0.154463
140  |*i_0_0_111          |            0.074749|             0.729303|           0.026832|         0.830884
141  |*i_0_0_112          |            0.151716|             0.418730|           0.022619|         0.593066
142  |*i_0_0_113          |            0.095761|             0.335275|           0.014353|         0.445389
143  |*i_0_0_114          |            0.146906|             1.266173|           0.027858|         1.440938
144  |*i_0_0_115          |            0.056761|             0.211888|           0.021200|         0.289849
145  |*i_0_0_116          |            0.151708|             0.445110|           0.022619|         0.619437
146  |*i_0_0_117          |            0.091818|             0.455078|           0.017393|         0.564289
147  |*i_0_0_118          |            0.091766|             0.494657|           0.017393|         0.603817
148  |*i_0_0_119          |            0.079245|             0.431048|           0.014353|         0.524647
149  |*i_0_0_120          |            0.079244|             0.440744|           0.014353|         0.534340
150  |*i_0_0_121          |            0.001736|             0.079152|           0.017393|         0.098281
151  |*i_0_0_122          |            0.045135|             0.050280|           0.032601|         0.128016
152  |*i_0_0_123          |            0.045617|             0.048436|           0.032601|         0.126655
153  |*i_0_0_124          |            0.001745|             0.074648|           0.017393|         0.093786
154  |*i_0_0_125          |            0.045167|             0.050280|           0.032601|         0.128048
155  |*i_0_0_149          |            0.045711|             0.048436|           0.032601|         0.126749
156  |*i_0_0_150          |            0.059423|             0.409675|           0.014353|         0.483452
157  |*i_0_0_151          |            0.086499|             1.139728|           0.021200|         1.247427
158  |*i_0_0_152          |            0.240298|             0.327802|           0.026481|         0.594581
159  |*i_0_0_153          |            0.091737|             0.429962|           0.017393|         0.539092
160  |*i_0_0_154          |            0.059421|             0.427547|           0.014353|         0.501321
161  |*i_0_0_155          |            0.088459|             1.227678|           0.017393|         1.333531
162  |                    |                    |                     |                   |                 
163  |*TOTAL              |          489.470367|          1419.106934|          85.017311|      1993.594604
-----+--------------------+--------------------+---------------------+-------------------+-----------------
