Report 'report_power_summary': Power
Generated on Wed Jan 4 08:08:43 2023
  
---------------------------------------------------------------------------
|                        Power Summary (nanowatt)                         |
|-------------------------------------------------------------------------|
| Component          Internal Switching  Dynamic Leakage  Total   Percent | 
|-------------------------------------------------------------------------|
| Entire design        683781    367209  1050990   70886  1121876  100.00 | 
|                                                                         | 
| Power of all cells   683781    248911   932692   70886  1003578   89.46 | 
|   Clock cells         36556      8338    44895    1140    46034    4.10 | 
|   Data cells         647218    240573   887791   69746   957537   85.35 | 
|     Combinational    174734    188275   363009   41759   404768   36.08 | 
|     Registers        472471     52298   524769   27987   552756   49.27 | 
|     Macros                0         0        0       0        0    0.00 | 
|     Physical              0         0        0       0        0    0.00 | 
|                                                                         | 
| Power of all nets              118298   118298           118298   10.54 | 
|   Clock nets                    39630    39630            39630    3.53 | 
|     Clock leaves                34485    34485            34485    3.07 | 
|   Data nets                     78668    78668            78668    7.01 | 
---------------------------------------------------------------------------


info UI33: performed report_power_summary for 0 sec (CPU time: 0 sec; MEM: RSS - 308M, CVMEM - 1691M, PVMEM - 1843M)
-----------------------------------------------------------------------------------------------------------------------------------------------
| Corner     Enable Setup Hold  CRPR       SI   Power            EM   Voltage Drop DRC        Process                    RC Temp Scale Factor | 
|---------------------------------------------------------------------------------------------------------------------------------------------|
| slow       false  true  false setup_hold none leakage          none none         trans, cap new_rcmaster_techFreePDK45 25      1            | 
| fast       false  false false setup_hold none leakage          none none         trans, cap new_rcmaster_techFreePDK45 25      1            | 
| corner_0_0 true   true  true  setup_hold none leakage, dynamic none none         trans, cap new_rcmaster_techFreePDK45 25      1            | 
-----------------------------------------------------------------------------------------------------------------------------------------------


