Report 'report_power_summary': Power
Generated on Sun Jan 1 15:52:40 2023
  
---------------------------------------------------------------------------
|                        Power Summary (nanowatt)                         |
|-------------------------------------------------------------------------|
| Component          Internal Switching  Dynamic Leakage  Total   Percent | 
|-------------------------------------------------------------------------|
| Entire design        977242    999186  1976428  168203  2144631  100.00 | 
|                                                                         | 
| Power of all cells   977242    736968  1714210  168203  1882413   87.77 | 
|   Clock cells         26531      5213    31743     702    32445    1.51 | 
|   Data cells         950707    731755  1682462  167501  1849963   86.26 | 
|     Combinational    757243    709147  1466390  157506  1623896   75.72 | 
|     Registers        193322     22608   215930    9995   225925   10.53 | 
|     Macros                0         0        0       0        0    0.00 | 
|     Physical              0         0        0       0        0    0.00 | 
|                                                                         | 
| Power of all nets              262218   262218           262218   12.23 | 
|   Clock nets                    24979    24979            24979    1.16 | 
|     Clock leaves                20038    20038            20038    0.93 | 
|   Data nets                    237239   237239           237239   11.06 | 
---------------------------------------------------------------------------


info UI33: performed report_power_summary for 0 sec (CPU time: 0 sec; MEM: RSS - 326M, CVMEM - 1691M, PVMEM - 1843M)
-----------------------------------------------------------------------------------------------------------------------------------------------
| Corner     Enable Setup Hold  CRPR       SI   Power            EM   Voltage Drop DRC        Process                    RC Temp Scale Factor | 
|---------------------------------------------------------------------------------------------------------------------------------------------|
| slow       false  true  false setup_hold none leakage          none none         trans, cap new_rcmaster_techFreePDK45 25      1            | 
| fast       false  false false setup_hold none leakage          none none         trans, cap new_rcmaster_techFreePDK45 25      1            | 
| corner_0_0 true   true  true  setup_hold none leakage, dynamic none none         trans, cap new_rcmaster_techFreePDK45 25      1            | 
-----------------------------------------------------------------------------------------------------------------------------------------------


