Report 'report_mcmm_variation': MCMM Variation
Generated on Sun Jan 1 16:01:35 2023
  
---------------------------------------------------------------
| MCMM variability report for design 'integrationMult' (nano) |
|-------------------------------------------------------------|
| MODE CORNER WNS TNS #Endpts WHS THS #Endpts                 | 
---------------------------------------------------------------


info UI33: performed report_mcmm_variation for 0 sec (CPU time: 0 sec; MEM: RSS - 392M, CVMEM - 1691M, PVMEM - 1843M)
Report 'report_path_group': Path Group
Generated on Sun Jan 1 16:01:35 2023
  
-------------------------------------------------------------------------------------------
|                               PATH GROUPS (SETUP) (nano)                                |
|-----------------------------------------------------------------------------------------|
| QOR Weight Margin TNS Range Endpoints Violating Endpoints Violating Endpoints % WNS TNS | 
-------------------------------------------------------------------------------------------


info UI33: performed report_path_group for 0 sec (CPU time: 0 sec; MEM: RSS - 392M, CVMEM - 1691M, PVMEM - 1843M)
SLACK HISTOGRAM
---------------
Select : SELECT_LATE

---------------------------------------------
| Slack           # End Pts Total # End Pts | 
|-------------------------------------------|
| 0.0000 - 4.9990 54        54              | 
| 5.0000 - 9.9990 142       196             | 
---------------------------------------------


info UI33: performed report_slack_histogram for 0 sec (CPU time: 0 sec; MEM: RSS - 392M, CVMEM - 1691M, PVMEM - 1843M)
Report 'report_path_group': Path Group
Generated on Sun Jan 1 16:01:35 2023
  
-------------------------------------------------------------------------------------------
|                                PATH GROUPS (HOLD) (nano)                                |
|-----------------------------------------------------------------------------------------|
| QOR Weight Margin TNS Range Endpoints Violating Endpoints Violating Endpoints % WNS TNS | 
-------------------------------------------------------------------------------------------


info UI33: performed report_path_group for 0 sec (CPU time: 0 sec; MEM: RSS - 392M, CVMEM - 1691M, PVMEM - 1843M)
SLACK HISTOGRAM
---------------
Select : SELECT_EARLY

---------------------------------------------
| Slack           # End Pts Total # End Pts | 
|-------------------------------------------|
| 0.0000 - 0.9990 196       196             | 
---------------------------------------------


info UI33: performed report_slack_histogram for 0 sec (CPU time: 0 sec; MEM: RSS - 392M, CVMEM - 1691M, PVMEM - 1843M)
