LVS verification progress:
Preparing nets ...
Processing nets: 10% 20% 30% 40% 50% 60% 70% 80% 90% 100% 

info Set 'max_open' and 'total_open' attributes for '972' open nets

Report 'report_lvs': Detail Routing LVS Report
Generated on Tue Jan 3 00:05:19 2023
  
--------------------------------------------------------------------------------
|                    LVS detail routing verification report                    |
|------------------------------------------------------------------------------|
|                   | Total nets Open nets Open Float Tail Loop Pillar Warning | 
|------------------------------------------------------------------------------|
| Signal nets       | 1037       972       1816 0     0    0    -      -       | 
| Logic nets        | 2          1         4    0     0    0    -      -       | 
| Shield nets       | 0          0         0    0     0    0    -      -       | 
| Power/Ground nets | -          -         -    -     -    -    -      -       | 
| DontRoute nets    | 12         0         0    0     0    0    -      -       | 
--------------------------------------------------------------------------------


  
---------------------------------------------------------------------------------------
|                       LVS open distance distribution (micron)                       |
|-------------------------------------------------------------------------------------|
|        | Total: 7522.66 5.68  11.36 17.03 22.71 28.39 34.07 39.74 45.42 51.10 56.78 | 
|-------------------------------------------------------------------------------------|
| % open | 100            80.95 14.87 1.49  0.88  0.50  0.39  0.17  0.39  0.28  0.11  | 
| # open | 1816           1470  270   27    16    9     7     3     7     5     2     | 
---------------------------------------------------------------------------------------


info UI33: performed LVS verification for 0 sec (CPU time: 0 sec; MEM: RSS - 356M, CVMEM - 1812M, PVMEM - 2637M)
info DRC201: Only violations caused by detail_route shapes are being checked.
DRC verification progress:
Processing metal1: 30% 60% 100% 
Processing metal2: 50% 100% 
Processing metal3: 30% 60% 100% 
Processing metal4: 50% 100% 
Processing metal5: 50% 100% 
Processing metal6: 50% 100% 
Processing metal7: 100% 
Processing metal8: 100% 
Processing metal9: 100% 
Processing metal10: 100% 

Report 'report_drc': Report Drc
Generated on Tue Jan 3 00:05:20 2023
  
--------------------------------------------------------------------------------------------------------
|                                       DRC verification report                                        |
|------------------------------------------------------------------------------------------------------|
|                       | TOTAL metal1 metal2 metal3 metal4 metal5 metal6 metal7 metal8 metal9 metal10 | 
|------------------------------------------------------------------------------------------------------|
| Grid                  | 0     0      0      0      0      0      0      0      0      0      0       | 
| Width                 | 0     0      0      0      0      0      0      0      0      0      0       | 
| Minimum samenet space | 0     0      0      0      0      0      0      0      0      0      0       | 
| Fat samenet space     | 0     -      0      0      0      0      0      0      0      0      0       | 
| Minimum diffnet space | 0     0      0      0      0      0      0      0      0      0      0       | 
| Fat diffnet space     | 0     -      0      0      0      0      0      0      0      0      0       | 
| Diffnet short         | 0     0      0      0      0      0      0      0      0      0      0       | 
| Prohibited routing    | 0     0      0      0      0      0      0      0      0      0      0       | 
|                       | TOTAL CO     via1   via2   via3   via4   via5   via6   via7   via8   via9    | 
| Grid                  | 0     0      0      0      0      0      0      0      0      0      0       | 
| Size                  | 0     -      0      0      0      0      0      0      0      0      0       | 
| Minimum space         | 0     0      0      0      0      0      0      0      0      0      0       | 
--------------------------------------------------------------------------------------------------------


info UI33: performed DRC verification for 0 sec (CPU time: 0 sec; MEM: RSS - 359M, CVMEM - 1812M, PVMEM - 2637M)
info CHK10: Checking placement...
info Found 610 movable and 241 fixed cells in partition sequential_multiplier
info DP136: Found 0 moveable cells and 0 fixed cells to be illegal.
Checking boundary overlap with partition: sequential_multiplier; Nmacros=0; overlaps=0 : fpan/mcplace/mcpController.cpp@3946
info Report for partition sequential_multiplier:
--------------------------------------------------------------------------------------------------------
|                                           Placement Errors                                           |
|------------------------------------------------------------------------------------------------------|
| Name                   Count Status Description                                                      | 
|------------------------------------------------------------------------------------------------------|
| not_placed             0     Passed Cell is not placed                                               | 
| macro_not_fixed        0     Passed Macro cell is not fixed                                          | 
| cannot_be_legalized    0     Passed Cell can't be legalized                                          | 
| outside_region         0     Passed Cell is placed outside of its hard region or inside a prohibited | 
|                                     hard region                                                      | 
| outside_partition      0     Passed Cell is placed outside partition                                 | 
| close_to_boundary      0     Passed Cell is close to partition boundary                              | 
| close_to_macro         0     Passed Cell is close to macro blockages                                 | 
| macro_overlap          0     Passed Macros are overlapping each other                                | 
| macro_boundary_overlap 0     Passed Macros are overlapping boundary                                  | 
--------------------------------------------------------------------------------------------------------


info UI33: performed placement checks for 0 sec (CPU time: 0 sec; MEM: RSS - 357M, CVMEM - 1812M, PVMEM - 2637M)
info running report region utilization in global placement context: 
    - utilization = (mobile_cell_area/(row_area - obstruction_area)).
    - obstruction area include hard and soft blockages, fixed std cells, fixed macros and pads.
    - by default, cell area include all bloats associated with the cells. 


info  report_region_utilization is restricted to regions with property member_hard set to TRUE. 
Report 'Region_Utilization': Region Utilization Report
Generated on Tue Jan 3 00:05:20 2023
  
-----------------------------------------------------------------------------------------------------------------------
|                                              Report Region Utilization                                              |
|---------------------------------------------------------------------------------------------------------------------|
|   | Partition/Region      MH NMH Cell Area Placeable Area Useable Area Placer Utilization(%) Silicon Utilization(%) | 
|---------------------------------------------------------------------------------------------------------------------|
| 0 | sequential_multiplier -  -   977.284   2579.14        977.284      37.8919               49.7                   | 
-----------------------------------------------------------------------------------------------------------------------


info UI33: performed report region utilization for 0 sec (CPU time: 0 sec; MEM: RSS - 357M, CVMEM - 1812M, PVMEM - 2637M)
