Report 'report_power_summary': Power
Generated on Tue Jan 3 00:05:20 2023
  
--------------------------------------------------------------------------
|                        Power Summary (nanowatt)                        |
|------------------------------------------------------------------------|
| Component          Internal Switching  Dynamic Leakage  Total  Percent | 
|------------------------------------------------------------------------|
| Entire design        447368    185858   633226   39255  672481  100.00 | 
|                                                                        | 
| Power of all cells   447368    110598   557965   39255  597221   88.81 | 
|   Clock cells         28938      5873    34811     805   35616    5.30 | 
|   Data cells         418427    104725   523152   38450  561602   83.51 | 
|     Combinational    134366     74888   209254   20309  229563   34.14 | 
|     Registers        284059     29837   313896   18142  332037   49.37 | 
|     Macros                0         0        0       0       0    0.00 | 
|     Physical              0         0        0       0       0    0.00 | 
|                                                                        | 
| Power of all nets               75261    75261           75261   11.19 | 
|   Clock nets                    33967    33967           33967    5.05 | 
|     Clock leaves                26426    26426           26426    3.93 | 
|   Data nets                     41294    41294           41294    6.14 | 
--------------------------------------------------------------------------


info UI33: performed report_power_summary for 0 sec (CPU time: 0 sec; MEM: RSS - 357M, CVMEM - 1812M, PVMEM - 2637M)
-----------------------------------------------------------------------------------------------------------------------------------------------
| Corner     Enable Setup Hold  CRPR       SI   Power            EM   Voltage Drop DRC        Process                    RC Temp Scale Factor | 
|---------------------------------------------------------------------------------------------------------------------------------------------|
| slow       false  true  false setup_hold none leakage          none none         trans, cap new_rcmaster_techFreePDK45 25      1            | 
| fast       false  false false setup_hold none leakage          none none         trans, cap new_rcmaster_techFreePDK45 25      1            | 
| corner_0_0 true   true  true  setup_hold none leakage, dynamic none none         trans, cap new_rcmaster_techFreePDK45 25      1            | 
-----------------------------------------------------------------------------------------------------------------------------------------------


