Report 'report_mcmm_variation': MCMM Variation
Generated on Tue Jan 3 00:02:58 2023
  
--------------------------------------------------------------
| MCMM variability report for design 'sequential_multiplier' |
|                           (nano)                           |
|------------------------------------------------------------|
| MODE CORNER WNS TNS #Endpts WHS THS #Endpts                | 
--------------------------------------------------------------


info UI33: performed report_mcmm_variation for 0 sec (CPU time: 0 sec; MEM: RSS - 370M, CVMEM - 1873M, PVMEM - 2637M)
Report 'report_path_group': Path Group
Generated on Tue Jan 3 00:02:58 2023
  
-------------------------------------------------------------------------------------------
|                               PATH GROUPS (SETUP) (nano)                                |
|-----------------------------------------------------------------------------------------|
| QOR Weight Margin TNS Range Endpoints Violating Endpoints Violating Endpoints % WNS TNS | 
-------------------------------------------------------------------------------------------


info UI33: performed report_path_group for 0 sec (CPU time: 0 sec; MEM: RSS - 370M, CVMEM - 1873M, PVMEM - 2637M)
SLACK HISTOGRAM
---------------
Select : SELECT_LATE

---------------------------------------------
| Slack           # End Pts Total # End Pts | 
|-------------------------------------------|
| 0.0000 - 4.9990 132       132             | 
| 5.0000 - 9.9990 165       297             | 
---------------------------------------------


info UI33: performed report_slack_histogram for 0 sec (CPU time: 0 sec; MEM: RSS - 370M, CVMEM - 1873M, PVMEM - 2637M)
Report 'report_path_group': Path Group
Generated on Tue Jan 3 00:02:58 2023
  
-------------------------------------------------------------------------------------------
|                                PATH GROUPS (HOLD) (nano)                                |
|-----------------------------------------------------------------------------------------|
| QOR Weight Margin TNS Range Endpoints Violating Endpoints Violating Endpoints % WNS TNS | 
-------------------------------------------------------------------------------------------


info UI33: performed report_path_group for 0 sec (CPU time: 0 sec; MEM: RSS - 370M, CVMEM - 1873M, PVMEM - 2637M)
SLACK HISTOGRAM
---------------
Select : SELECT_EARLY

---------------------------------------------
| Slack           # End Pts Total # End Pts | 
|-------------------------------------------|
| 0.0000 - 0.7490 297       297             | 
---------------------------------------------


info UI33: performed report_slack_histogram for 0 sec (CPU time: 0 sec; MEM: RSS - 370M, CVMEM - 1873M, PVMEM - 2637M)
