Report 'report_power_summary': Power
Generated on Wed Jan 4 02:22:45 2023
  
-------------------------------------------------------------------------
|                       Power Summary (nanowatt)                        |
|-----------------------------------------------------------------------|
| Component          Internal Switching  Dynamic Leakage  Total Percent | 
|-----------------------------------------------------------------------|
| Entire design             0         0        0   87564  87564  100.00 | 
|                                                                       | 
| Power of all cells        0         0        0   87564  87564  100.00 | 
|   Clock cells             0         0        0       0      0    0.00 | 
|   Data cells              0         0        0   87564  87564  100.00 | 
|     Combinational         0         0        0   79263  79263   90.52 | 
|     Registers             0         0        0    8301   8301    9.48 | 
|     Macros                0         0        0       0      0    0.00 | 
|     Physical              0         0        0       0      0    0.00 | 
|                                                                       | 
| Power of all nets                   0        0              0    0.00 | 
|   Clock nets                        0        0              0    0.00 | 
|     Clock leaves                    0        0              0    0.00 | 
|   Data nets                         0        0              0    0.00 | 
-------------------------------------------------------------------------


info UI33: performed report_power_summary for 0 sec (CPU time: 0 sec; MEM: RSS - 322M, CVMEM - 1691M, PVMEM - 1870M)
------------------------------------------------------------------------------------------------------------------------------------------------
| Corner     Enable Setup Hold  CRPR       SI    Power            EM   Voltage Drop DRC        Process                    RC Temp Scale Factor | 
|----------------------------------------------------------------------------------------------------------------------------------------------|
| slow       false  true  false setup_hold none  leakage          none none         trans, cap new_rcmaster_techFreePDK45 25      1            | 
| fast       false  false false setup_hold none  leakage          none none         trans, cap new_rcmaster_techFreePDK45 25      1            | 
| corner_0_0 true   true  true  setup_hold delay leakage, dynamic none none         trans, cap new_rcmaster_techFreePDK45 25      1            | 
------------------------------------------------------------------------------------------------------------------------------------------------


