warning: No library characterized for (process = 1.00 voltage = 0.85 temperature = 25.00) can be found in the database for power domain '/PD_TOP'  [NL-174]
Report Power (instances with prefix '*' are included in total) : 
-----+--------------------------+--------------------+---------------------+-------------------+-----------------
     | Instance                 | Internal Power(uw) | Switching Power(uw) | Leakage Power(uw) | Total Power(uw) 
-----+--------------------------+--------------------+---------------------+-------------------+-----------------
1    |*clk_gate_product_reg     |            0.404709|             0.000000|           0.059138|         0.463847
2    |*product_reg[63]          |            0.532760|             0.514285|           0.079112|         1.126158
3    |*product_reg[62]          |            0.532899|             0.526582|           0.079112|         1.138593
4    |*product_reg[61]          |            0.532733|             0.511886|           0.079112|         1.123731
5    |*product_reg[60]          |            0.532755|             0.513835|           0.079112|         1.125703
6    |*product_reg[59]          |            0.532893|             0.526003|           0.079112|         1.138008
7    |*product_reg[58]          |            0.532725|             0.511157|           0.079112|         1.122995
8    |*product_reg[57]          |            0.532698|             0.508758|           0.079112|         1.120568
9    |*product_reg[56]          |            0.532725|             0.511157|           0.079112|         1.122995
10   |*product_reg[55]          |            0.532754|             0.513685|           0.079112|         1.125551
11   |*product_reg[54]          |            0.532893|             0.525982|           0.079112|         1.137986
12   |*product_reg[53]          |            0.532740|             0.512486|           0.079112|         1.124338
13   |*product_reg[52]          |            0.532749|             0.513236|           0.079112|         1.125096
14   |*product_reg[51]          |            0.532886|             0.525403|           0.079112|         1.137401
15   |*product_reg[50]          |            0.532718|             0.510558|           0.079112|         1.122388
16   |*product_reg[49]          |            0.532705|             0.509358|           0.079112|         1.121175
17   |*product_reg[48]          |            0.532718|             0.510558|           0.079112|         1.122388
18   |*product_reg[47]          |            0.532747|             0.513085|           0.079112|         1.124944
19   |*product_reg[46]          |            0.532886|             0.525382|           0.079112|         1.137380
20   |*product_reg[45]          |            0.532742|             0.512636|           0.079112|         1.124490
21   |*product_reg[44]          |            0.532879|             0.524804|           0.079112|         1.136795
22   |*product_reg[43]          |            0.532711|             0.509958|           0.079112|         1.121781
23   |*product_reg[42]          |            0.532711|             0.509958|           0.079112|         1.121781
24   |*product_reg[41]          |            0.532879|             0.524782|           0.079112|         1.136773
25   |*product_reg[40]          |            0.532735|             0.512036|           0.079112|         1.123883
26   |*product_reg[39]          |            0.532872|             0.524204|           0.079112|         1.136188
27   |*product_reg[38]          |            0.532705|             0.509358|           0.079112|         1.121175
28   |*product_reg[37]          |            0.532872|             0.524182|           0.079112|         1.136166
29   |*product_reg[36]          |            0.532728|             0.511436|           0.079112|         1.123276
30   |*product_reg[35]          |            0.532866|             0.523604|           0.079112|         1.135582
31   |*product_reg[34]          |            0.532698|             0.508758|           0.079112|         1.120568
32   |*product_reg[33]          |            0.532865|             0.523582|           0.079112|         1.135560
33   |*product_reg[32]          |            0.532721|             0.510836|           0.079112|         1.122670
34   |*product_reg[31]          |            0.532859|             0.523004|           0.079112|         1.134975
35   |*product_reg[30]          |            0.532691|             0.508158|           0.079112|         1.119962
36   |*product_reg[29]          |            0.532858|             0.522982|           0.079112|         1.134953
37   |*product_reg[28]          |            0.532714|             0.510236|           0.079112|         1.122063
38   |*product_reg[27]          |            0.532852|             0.522404|           0.079112|         1.134369
39   |*product_reg[26]          |            0.532684|             0.507558|           0.079112|         1.119355
40   |*product_reg[25]          |            0.532852|             0.522383|           0.079112|         1.134347
41   |*product_reg[24]          |            0.532708|             0.509637|           0.079112|         1.121457
42   |*product_reg[23]          |            0.532845|             0.521805|           0.079112|         1.133762
43   |*product_reg[22]          |            0.532677|             0.506959|           0.079112|         1.118748
44   |*product_reg[21]          |            0.532845|             0.521783|           0.079112|         1.133740
45   |*product_reg[20]          |            0.532701|             0.509037|           0.079112|         1.120850
46   |*product_reg[19]          |            0.532839|             0.521205|           0.079112|         1.133155
47   |*product_reg[18]          |            0.532671|             0.506359|           0.079112|         1.118142
48   |*product_reg[17]          |            0.532838|             0.521183|           0.079112|         1.133134
49   |*product_reg[16]          |            0.532694|             0.508437|           0.079112|         1.120244
50   |*product_reg[15]          |            0.532832|             0.520605|           0.079112|         1.132549
51   |*product_reg[14]          |            0.532664|             0.505759|           0.079112|         1.117535
52   |*product_reg[13]          |            0.532831|             0.520583|           0.079112|         1.132527
53   |*product_reg[12]          |            0.532687|             0.507837|           0.079112|         1.119637
54   |*product_reg[11]          |            0.532825|             0.520005|           0.079112|         1.131942
55   |*product_reg[10]          |            0.532657|             0.505159|           0.079112|         1.116928
56   |*product_reg[9]           |            0.532825|             0.519983|           0.079112|         1.131920
57   |*product_reg[8]           |            0.532681|             0.507237|           0.079112|         1.119030
58   |*product_reg[7]           |            0.532818|             0.519405|           0.079112|         1.131335
59   |*product_reg[6]           |            0.532650|             0.504559|           0.079112|         1.116322
60   |*product_reg[5]           |            0.532818|             0.519383|           0.079112|         1.131314
61   |*product_reg[4]           |            0.532674|             0.506638|           0.079112|         1.118424
62   |*product_reg[3]           |            0.532811|             0.518805|           0.079112|         1.130729
63   |*product_reg[2]           |            0.532644|             0.503959|           0.079112|         1.115715
64   |*product_reg[1]           |            0.532811|             0.518784|           0.079112|         1.130707
65   |*product_reg[0]           |            0.532667|             0.506038|           0.079112|         1.117817
66   |*i_0_3                    |            5.762726|             5.159725|           1.822795|        12.745246
67   |*i_0_10                   |            5.892235|             7.275365|           1.843995|        15.011596
68   |*i_0_16                   |           33.271469|            16.142570|           4.831370|        54.245407
69   |*i_0_0_0                  |            0.322365|             0.156634|           0.061230|         0.540229
70   |*i_0_0_1                  |            0.336517|             0.154104|           0.061230|         0.551851
71   |*i_0_0_2                  |            0.292898|             0.126090|           0.061230|         0.480218
72   |*i_0_0_3                  |            0.281838|             0.107948|           0.061230|         0.451016
73   |*i_0_0_4                  |            0.121598|             0.043294|           0.025066|         0.189959
74   |*i_0_0_5                  |            0.150861|             0.054047|           0.025066|         0.229974
75   |*i_0_0_6                  |            0.150133|             0.053799|           0.025066|         0.228997
76   |*i_0_0_7                  |            0.149946|             0.053735|           0.025066|         0.228748
77   |*i_0_0_8                  |            0.149891|             0.053716|           0.025066|         0.228673
78   |*i_0_0_9                  |            0.149877|             0.053711|           0.025066|         0.228655
79   |*i_0_0_10                 |            0.147473|             0.052891|           0.025066|         0.225430
80   |*i_0_0_11                 |            0.146116|             0.052428|           0.025066|         0.223610
81   |*i_0_0_12                 |            0.150024|             0.053761|           0.025066|         0.228851
82   |*i_0_0_13                 |            0.148676|             0.053302|           0.025066|         0.227044
83   |*i_0_0_14                 |            0.148391|             0.053204|           0.025066|         0.226661
84   |*i_0_0_15                 |            0.148391|             0.053204|           0.025066|         0.226661
85   |*i_0_0_16                 |            0.148330|             0.053183|           0.025066|         0.226580
86   |*i_0_0_17                 |            0.148317|             0.053179|           0.025066|         0.226562
87   |*i_0_0_18                 |            0.148315|             0.053178|           0.025066|         0.226559
88   |*i_0_0_19                 |            0.148314|             0.053178|           0.025066|         0.226558
89   |*i_0_0_20                 |            0.148314|             0.053178|           0.025066|         0.226558
90   |*i_0_0_21                 |            0.148314|             0.053178|           0.025066|         0.226558
91   |*i_0_0_22                 |            0.148314|             0.053178|           0.025066|         0.226558
92   |*i_0_0_23                 |            0.148314|             0.053178|           0.025066|         0.226558
93   |*i_0_0_24                 |            0.148314|             0.053178|           0.025066|         0.226558
94   |*i_0_0_25                 |            0.148314|             0.053178|           0.025066|         0.226558
95   |*i_0_0_26                 |            0.148314|             0.053178|           0.025066|         0.226558
96   |*i_0_0_27                 |            0.148314|             0.053178|           0.025066|         0.226558
97   |*i_0_0_28                 |            0.148314|             0.053178|           0.025066|         0.226558
98   |*i_0_0_29                 |            0.148314|             0.053178|           0.025066|         0.226558
99   |*i_0_0_30                 |            0.148314|             0.053178|           0.025066|         0.226558
100  |*i_0_0_31                 |            0.148314|             0.053178|           0.025066|         0.226558
101  |*i_0_0_32                 |            0.148314|             0.053178|           0.025066|         0.226558
102  |*i_0_0_33                 |            0.148314|             0.053178|           0.025066|         0.226558
103  |*i_0_0_34                 |            0.148314|             0.053178|           0.025066|         0.226558
104  |*i_0_0_35                 |            0.148314|             0.053178|           0.025066|         0.226558
105  |*i_0_0_36                 |            0.148314|             0.053178|           0.025066|         0.226558
106  |*i_0_0_37                 |            0.148314|             0.053178|           0.025066|         0.226558
107  |*i_0_0_38                 |            0.148314|             0.053178|           0.025066|         0.226558
108  |*i_0_0_39                 |            0.148314|             0.053178|           0.025066|         0.226558
109  |*i_0_0_40                 |            0.148314|             0.053178|           0.025066|         0.226558
110  |*i_0_0_41                 |            0.148314|             0.053178|           0.025066|         0.226558
111  |*i_0_0_42                 |            0.148314|             0.053178|           0.025066|         0.226558
112  |*i_0_0_43                 |            0.148314|             0.053178|           0.025066|         0.226558
113  |*i_0_0_44                 |            0.148314|             0.053178|           0.025066|         0.226558
114  |*i_0_0_45                 |            0.148314|             0.053178|           0.025066|         0.226558
115  |*i_0_0_46                 |            0.148314|             0.053178|           0.025066|         0.226558
116  |*i_0_0_47                 |            0.148314|             0.053178|           0.025066|         0.226558
117  |*i_0_0_48                 |            0.148314|             0.053178|           0.025066|         0.226558
118  |*i_0_0_49                 |            0.148314|             0.053178|           0.025066|         0.226558
119  |*i_0_0_50                 |            0.148314|             0.053178|           0.025066|         0.226558
120  |*i_0_0_51                 |            0.148314|             0.053178|           0.025066|         0.226558
121  |*i_0_0_52                 |            0.148314|             0.053178|           0.025066|         0.226558
122  |*i_0_0_53                 |            0.148314|             0.053178|           0.025066|         0.226558
123  |*i_0_0_54                 |            0.148314|             0.053178|           0.025066|         0.226558
124  |*i_0_0_55                 |            0.148314|             0.053178|           0.025066|         0.226558
125  |*i_0_0_56                 |            0.148314|             0.053178|           0.025066|         0.226558
126  |*i_0_0_57                 |            0.148314|             0.053178|           0.025066|         0.226558
127  |*i_0_0_58                 |            0.148314|             0.053178|           0.025066|         0.226558
128  |*i_0_0_59                 |            0.148314|             0.053178|           0.025066|         0.226558
129  |*i_0_0_60                 |            0.148314|             0.053178|           0.025066|         0.226558
130  |*i_0_0_61                 |            0.148314|             0.053178|           0.025066|         0.226558
131  |*i_0_0_62                 |            0.148314|             0.053178|           0.025066|         0.226558
132  |*i_0_0_63                 |            0.148314|             0.053178|           0.025066|         0.226558
133  |*i_0_0_64                 |            0.148314|             0.053178|           0.025066|         0.226558
134  |*i_0_0_65                 |            0.148314|             0.053178|           0.025066|         0.226558
135  |*i_0_0_66                 |            0.148314|             0.053178|           0.025066|         0.226558
136  |*i_0_0_67                 |            0.147067|             0.052668|           0.025066|         0.224802
137  |*i_0_0_68                 |            0.105241|             0.067913|           0.021200|         0.194353
138  |*i_0_0_69                 |            0.121598|             0.043294|           0.025066|         0.189959
139  |*i_0_0_70                 |            0.145336|             0.051784|           0.025066|         0.222186
140  |*i_0_0_71                 |            0.142448|             0.050820|           0.025066|         0.218334
141  |*i_0_0_72                 |            0.141009|             0.050340|           0.025066|         0.216415
142  |*i_0_0_73                 |            0.006065|             0.002236|           0.025066|         0.033367
143  |*i_0_0_74                 |            0.153543|             0.054330|           0.025066|         0.232939
144  |*i_0_0_75                 |            0.065820|             0.058677|           0.014353|         0.138850
145  |*i_0_0_76                 |            0.185020|             1.059290|           0.047399|         1.291709
146  |*i_0_0_77                 |            0.071996|             0.064182|           0.014353|         0.150530
147  |*i_0_0_78                 |            0.217291|             1.158670|           0.047399|         1.423361
148  |*i_0_0_79                 |            0.071555|             0.063789|           0.014353|         0.149697
149  |*i_0_0_80                 |            0.216012|             1.151576|           0.047399|         1.414987
150  |*i_0_0_81                 |            0.071555|             0.063789|           0.014353|         0.149697
151  |*i_0_0_82                 |            0.216012|             1.151576|           0.047399|         1.414987
152  |*i_0_0_83                 |            0.071555|             0.063789|           0.014353|         0.149697
153  |*i_0_0_84                 |            0.215889|             1.151576|           0.047399|         1.414864
154  |*i_0_0_85                 |            0.071732|             0.063947|           0.014353|         0.150032
155  |*i_0_0_86                 |            0.216272|             1.152168|           0.047399|         1.415838
156  |*i_0_0_87                 |            0.071555|             0.063789|           0.014353|         0.149697
157  |*i_0_0_88                 |            0.216012|             1.151576|           0.047399|         1.414987
158  |*i_0_0_89                 |            0.071555|             0.063789|           0.014353|         0.149697
159  |*i_0_0_90                 |            0.215889|             1.151576|           0.047399|         1.414864
160  |*i_0_0_91                 |            0.071700|             0.063918|           0.014353|         0.149971
161  |*i_0_0_92                 |            0.216189|             1.151651|           0.047399|         1.415239
162  |*i_0_0_93                 |            0.071555|             0.063789|           0.014353|         0.149697
163  |*i_0_0_94                 |            0.215955|             1.151576|           0.047399|         1.414930
164  |*i_0_0_95                 |            0.071555|             0.063789|           0.014353|         0.149697
165  |*i_0_0_96                 |            0.216018|             1.151576|           0.047399|         1.414993
166  |*i_0_0_97                 |            0.071695|             0.063914|           0.014353|         0.149962
167  |*i_0_0_98                 |            0.215839|             1.151576|           0.047399|         1.414814
168  |*i_0_0_99                 |            0.071695|             0.063914|           0.014353|         0.149962
169  |*i_0_0_100                |            0.215974|             1.151576|           0.047399|         1.414950
170  |*i_0_0_101                |            0.071695|             0.063914|           0.014353|         0.149962
171  |*i_0_0_102                |            0.216018|             1.151576|           0.047399|         1.414993
172  |*i_0_0_103                |            0.071695|             0.063914|           0.014353|         0.149962
173  |*i_0_0_104                |            0.215889|             1.151576|           0.047399|         1.414864
174  |*i_0_0_105                |            0.071695|             0.063914|           0.014353|         0.149963
175  |*i_0_0_106                |            0.216177|             1.151577|           0.047399|         1.415153
176  |*i_0_0_107                |            0.071695|             0.063914|           0.014353|         0.149962
177  |*i_0_0_108                |            0.216012|             1.151576|           0.047399|         1.414987
178  |*i_0_0_109                |            0.071695|             0.063914|           0.014353|         0.149962
179  |*i_0_0_110                |            0.215712|             1.151576|           0.047399|         1.414688
180  |*i_0_0_111                |            0.071695|             0.063914|           0.014353|         0.149962
181  |*i_0_0_112                |            0.215855|             1.151576|           0.047399|         1.414831
182  |*i_0_0_113                |            0.071695|             0.063914|           0.014353|         0.149962
183  |*i_0_0_114                |            0.215974|             1.151576|           0.047399|         1.414950
184  |*i_0_0_115                |            0.071695|             0.063914|           0.014353|         0.149962
185  |*i_0_0_116                |            0.216018|             1.151576|           0.047399|         1.414993
186  |*i_0_0_117                |            0.071695|             0.063914|           0.014353|         0.149962
187  |*i_0_0_118                |            0.216012|             1.151576|           0.047399|         1.414987
188  |*i_0_0_119                |            0.071695|             0.063914|           0.014353|         0.149962
189  |*i_0_0_120                |            0.215839|             1.151576|           0.047399|         1.414814
190  |*i_0_0_121                |            0.071695|             0.063914|           0.014353|         0.149962
191  |*i_0_0_122                |            0.215974|             1.151576|           0.047399|         1.414950
192  |*i_0_0_123                |            0.071695|             0.063914|           0.014353|         0.149962
193  |*i_0_0_124                |            0.216018|             1.151576|           0.047399|         1.414993
194  |*i_0_0_125                |            0.071695|             0.063914|           0.014353|         0.149962
195  |*i_0_0_126                |            0.215889|             1.151576|           0.047399|         1.414864
196  |*i_0_0_127                |            0.071695|             0.063914|           0.014353|         0.149962
197  |*i_0_0_128                |            0.216177|             1.151577|           0.047399|         1.415152
198  |*i_0_0_129                |            0.071695|             0.063914|           0.014353|         0.149962
199  |*i_0_0_130                |            0.215712|             1.151576|           0.047399|         1.414688
200  |*i_0_0_131                |            0.071695|             0.063914|           0.014353|         0.149962
201  |*i_0_0_132                |            0.215855|             1.151576|           0.047399|         1.414831
202  |*i_0_0_133                |            0.071695|             0.063914|           0.014353|         0.149962
203  |*i_0_0_134                |            0.215974|             1.151576|           0.047399|         1.414950
204  |*i_0_0_135                |            0.112351|             4.056423|           0.021200|         4.189974
205  |*i_0_0_136                |            0.151793|             0.071103|           0.027858|         0.250754
206  |*i_0_0_137                |            0.172692|             0.210088|           0.032612|         0.415391
207  |*i_0_0_138                |            0.141890|             0.069103|           0.022619|         0.233612
208  |*i_0_0_139                |            0.141890|             0.069103|           0.022619|         0.233612
209  |*i_0_0_140                |            0.141890|             0.069103|           0.022619|         0.233612
210  |*i_0_0_141                |            0.141890|             0.069103|           0.022619|         0.233612
211  |*i_0_0_142                |            0.141890|             0.069103|           0.022619|         0.233612
212  |*i_0_0_143                |            0.141890|             0.069103|           0.022619|         0.233612
213  |*i_0_0_144                |            0.141890|             0.069103|           0.022619|         0.233612
214  |*i_0_0_145                |            0.141890|             0.069103|           0.022619|         0.233612
215  |*i_0_0_146                |            0.141890|             0.069103|           0.022619|         0.233612
216  |*i_0_0_147                |            0.141890|             0.069103|           0.022619|         0.233612
217  |*i_0_0_148                |            0.141890|             0.069103|           0.022619|         0.233612
218  |*i_0_0_149                |            0.141890|             0.069103|           0.022619|         0.233612
219  |*i_0_0_150                |            0.141890|             0.069103|           0.022619|         0.233612
220  |*i_0_0_151                |            0.141890|             0.069103|           0.022619|         0.233612
221  |*i_0_0_152                |            0.141890|             0.069103|           0.022619|         0.233612
222  |*i_0_0_153                |            0.141890|             0.069103|           0.022619|         0.233612
223  |*i_0_0_154                |            0.141890|             0.069103|           0.022619|         0.233612
224  |*i_0_0_155                |            0.141890|             0.069103|           0.022619|         0.233612
225  |*i_0_0_156                |            0.141890|             0.069103|           0.022619|         0.233612
226  |*i_0_0_157                |            0.141890|             0.069103|           0.022619|         0.233612
227  |*i_0_0_158                |            0.141890|             0.069103|           0.022619|         0.233612
228  |*i_0_0_159                |            0.141890|             0.069103|           0.022619|         0.233612
229  |*i_0_0_160                |            0.141890|             0.069103|           0.022619|         0.233612
230  |*i_0_0_161                |            0.141890|             0.069103|           0.022619|         0.233612
231  |*i_0_0_162                |            0.141890|             0.069103|           0.022619|         0.233612
232  |*i_0_0_163                |            0.141890|             0.069103|           0.022619|         0.233612
233  |*i_0_0_164                |            0.141890|             0.069103|           0.022619|         0.233612
234  |*i_0_0_165                |            0.141890|             0.069103|           0.022619|         0.233612
235  |*i_0_0_166                |            0.141890|             0.069103|           0.022619|         0.233612
236  |*i_0_0_167                |            0.141890|             0.069103|           0.022619|         0.233612
237  |*i_0_0_168                |            0.141890|             0.069103|           0.022619|         0.233612
238  |*i_0_0_169                |            0.141890|             0.069103|           0.022619|         0.233612
239  |*i_0_0_170                |            0.161897|             5.820016|           0.022039|         6.003952
240  |*i_0_0_171                |            0.078479|             0.040586|           0.017393|         0.136458
241  |*i_0_0_172                |            0.135620|             0.053910|           0.022619|         0.212150
242  |*i_0_0_173                |            0.149709|             0.192072|           0.022619|         0.364401
243  |*i_0_0_174                |            0.148577|             0.143194|           0.033938|         0.325709
244  |*i_0_0_175                |            0.195829|             0.118590|           0.033938|         0.348356
245  |*i_0_0_176                |            0.191892|             0.102678|           0.035928|         0.330498
246  |*i_0_0_177                |            0.155309|             0.101657|           0.032612|         0.289577
247  |*i_0_0_178                |            0.114833|             0.162690|           0.027858|         0.305382
248  |*i_0_0_179                |            0.072235|             0.137587|           0.017393|         0.227215
249  |*i_0_0_180                |            0.035837|             0.057636|           0.027858|         0.121332
250  |*i_0_0_181                |            0.044649|             0.089597|           0.017393|         0.151640
251  |*i_0_0_182                |            0.124923|             0.112974|           0.022619|         0.260517
252  |*i_0_0_183                |            0.217128|             0.118339|           0.033938|         0.369404
253  |*i_0_0_184                |            0.093910|             0.100259|           0.027858|         0.222027
254  |*i_0_0_185                |            0.036710|             0.054496|           0.034026|         0.125233
255  |*i_0_0_186                |            0.195038|             0.154179|           0.035928|         0.385145
256  |*i_0_0_187                |            0.191892|             0.102678|           0.035928|         0.330498
257  |*i_0_0_188                |            0.114953|             0.158490|           0.027858|         0.301302
258  |*i_0_0_189                |            0.072358|             0.148512|           0.017393|         0.238264
259  |*i_0_0_190                |            0.263393|             0.199984|           0.048314|         0.511692
260  |*i_0_0_191                |            0.177979|             0.084920|           0.033938|         0.296836
261  |*i_0_0_192                |            0.053405|             0.035289|           0.034026|         0.122719
262  |*i_0_0_193                |            0.195038|             0.154179|           0.035928|         0.385145
263  |*i_0_0_194                |            0.084105|             0.081567|           0.022619|         0.188291
264  |*i_0_0_195                |            0.114765|             0.155144|           0.027858|         0.297768
265  |*i_0_0_196                |            0.191170|             0.092743|           0.035928|         0.319842
266  |*i_0_0_197                |            0.178755|             0.072820|           0.033938|         0.285513
267  |*i_0_0_198                |            0.121868|             0.076820|           0.022619|         0.221307
268  |*i_0_0_199                |            0.033629|             0.033399|           0.022619|         0.089648
269  |*i_0_0_200                |            0.049221|             0.071154|           0.027858|         0.148234
270  |*i_0_0_201                |            0.007369|             0.005847|           0.021200|         0.034415
271  |*i_0_0_202                |            0.018180|             0.084616|           0.018105|         0.120900
272  |*i_0_0_203                |            0.191892|             0.102678|           0.035928|         0.330498
273  |*i_0_0_204                |            0.046548|             0.216315|           0.018105|         0.280968
274  |*i_0_0_205                |            0.194970|             0.152663|           0.035928|         0.383561
275  |*i_0_0_206                |            0.084450|             0.315250|           0.022695|         0.422394
276  |*i_0_0_207                |            0.092324|             0.516770|           0.017393|         0.626487
277  |*i_0_0_208                |            0.170619|             0.523217|           0.022695|         0.716531
278  |*i_0_0_209                |            0.251760|             0.073694|           0.035928|         0.361383
279  |*i_0_0_210                |            0.252298|             0.073684|           0.035928|         0.361911
280  |*i_0_0_211                |            0.251925|             0.073694|           0.035928|         0.361547
281  |*i_0_0_212                |            0.251925|             0.073694|           0.035928|         0.361547
282  |*i_0_0_213                |            0.251760|             0.073694|           0.035928|         0.361383
283  |*i_0_0_214                |            0.251993|             0.073694|           0.035928|         0.361616
284  |*i_0_0_215                |            0.251925|             0.073694|           0.035928|         0.361547
285  |*i_0_0_216                |            0.251760|             0.073694|           0.035928|         0.361383
286  |*i_0_0_217                |            0.251968|             0.073694|           0.035928|         0.361590
287  |*i_0_0_218                |            0.251751|             0.073694|           0.035928|         0.361373
288  |*i_0_0_219                |            0.251790|             0.073694|           0.035928|         0.361413
289  |*i_0_0_220                |            0.251874|             0.073694|           0.035928|         0.361497
290  |*i_0_0_221                |            0.251757|             0.073694|           0.035928|         0.361380
291  |*i_0_0_222                |            0.251790|             0.073694|           0.035928|         0.361413
292  |*i_0_0_223                |            0.251760|             0.073694|           0.035928|         0.361383
293  |*i_0_0_224                |            0.251964|             0.073694|           0.035928|         0.361587
294  |*i_0_0_225                |            0.251925|             0.073694|           0.035928|         0.361547
295  |*i_0_0_226                |            0.252156|             0.073694|           0.035928|         0.361778
296  |*i_0_0_227                |            0.251815|             0.073694|           0.035928|         0.361437
297  |*i_0_0_228                |            0.251757|             0.073694|           0.035928|         0.361380
298  |*i_0_0_229                |            0.251790|             0.073694|           0.035928|         0.361413
299  |*i_0_0_230                |            0.251925|             0.073694|           0.035928|         0.361547
300  |*i_0_0_231                |            0.251874|             0.073694|           0.035928|         0.361497
301  |*i_0_0_232                |            0.251757|             0.073694|           0.035928|         0.361380
302  |*i_0_0_233                |            0.251790|             0.073694|           0.035928|         0.361413
303  |*i_0_0_234                |            0.251760|             0.073694|           0.035928|         0.361383
304  |*i_0_0_235                |            0.251964|             0.073694|           0.035928|         0.361587
305  |*i_0_0_236                |            0.252156|             0.073694|           0.035928|         0.361778
306  |*i_0_0_237                |            0.251815|             0.073694|           0.035928|         0.361437
307  |*i_0_0_238                |            0.251757|             0.073694|           0.035928|         0.361380
308  |*i_0_0_239                |            0.048613|             1.712253|           0.017393|         1.778260
309  |*i_0_0_240                |            0.046705|             1.887937|           0.021200|         1.955841
310  |*i_0_0_241                |            0.103158|             0.050468|           0.027858|         0.181484
311  |*i_0_0_242                |            1.049786|             0.650274|           0.035928|         1.735988
312  |*i_0_0_243                |            1.050347|             0.663544|           0.035928|         1.749819
313  |*i_0_0_244                |            1.042604|             0.480417|           0.035928|         1.558949
314  |*i_0_0_245                |            1.041121|             0.445343|           0.035928|         1.522392
315  |*i_0_0_246                |            1.041121|             0.445343|           0.035928|         1.522392
316  |*i_0_0_247                |            1.050410|             0.665024|           0.035928|         1.751362
317  |*i_0_0_248                |            1.042585|             0.479969|           0.035928|         1.558482
318  |*i_0_0_249                |            1.041121|             0.445343|           0.035928|         1.522392
319  |*i_0_0_250                |            1.050410|             0.665024|           0.035928|         1.751362
320  |*i_0_0_251                |            1.042585|             0.479969|           0.035928|         1.558482
321  |*i_0_0_252                |            1.045319|             0.544616|           0.035928|         1.625863
322  |*i_0_0_253                |            1.069365|             1.608625|           0.035928|         2.713918
323  |*i_0_0_254                |            1.054356|             0.758351|           0.035928|         1.848635
324  |*i_0_0_255                |            1.044406|             0.523031|           0.035928|         1.603365
325  |*i_0_0_256                |            1.069365|             1.608625|           0.035928|         2.713918
326  |*i_0_0_257                |            1.050410|             0.665024|           0.035928|         1.751362
327  |*i_0_0_258                |            1.042585|             0.479969|           0.035928|         1.558482
328  |*i_0_0_259                |            1.041121|             0.445343|           0.035928|         1.522392
329  |*i_0_0_260                |            1.058641|             0.975270|           0.035928|         2.069839
330  |*i_0_0_261                |            1.053411|             0.735991|           0.035928|         1.825330
331  |*i_0_0_262                |            1.044392|             0.522695|           0.035928|         1.603015
332  |*i_0_0_263                |            1.069365|             1.608625|           0.035928|         2.713918
333  |*i_0_0_264                |            1.041121|             0.445343|           0.035928|         1.522392
334  |*i_0_0_265                |            1.054356|             0.758351|           0.035928|         1.848635
335  |*i_0_0_266                |            1.044406|             0.523031|           0.035928|         1.603365
336  |*i_0_0_267                |            1.069365|             1.608625|           0.035928|         2.713918
337  |*i_0_0_268                |            1.050410|             0.665024|           0.035928|         1.751362
338  |*i_0_0_269                |            1.042585|             0.479969|           0.035928|         1.558482
339  |*i_0_0_270                |            1.058641|             0.975270|           0.035928|         2.069839
340  |*i_0_0_271                |            1.053411|             0.735991|           0.035928|         1.825330
341  |*i_0_0_272                |            1.044392|             0.522695|           0.035928|         1.603015
342  |*i_0_0_273                |            0.667402|             0.629494|           0.022695|         1.319590
343  |*i_0_0_274                |            1.047938|             0.606562|           0.035928|         1.690428
344  |*i_0_0_275                |            1.047910|             0.605910|           0.035928|         1.689749
345  |*i_0_0_276                |            1.040184|             0.423189|           0.035928|         1.499302
346  |*i_0_0_277                |            1.038687|             0.387791|           0.035928|         1.462406
347  |*i_0_0_278                |            1.038687|             0.387791|           0.035928|         1.462406
348  |*i_0_0_279                |            1.047973|             0.607390|           0.035928|         1.691291
349  |*i_0_0_280                |            1.040165|             0.422741|           0.035928|         1.498835
350  |*i_0_0_281                |            1.038687|             0.387791|           0.035928|         1.462406
351  |*i_0_0_282                |            1.047973|             0.607390|           0.035928|         1.691291
352  |*i_0_0_283                |            1.040165|             0.422741|           0.035928|         1.498835
353  |*i_0_0_284                |            1.042885|             0.487064|           0.035928|         1.565877
354  |*i_0_0_285                |            1.069274|             1.551020|           0.035928|         2.656223
355  |*i_0_0_286                |            1.051913|             0.700580|           0.035928|         1.788422
356  |*i_0_0_287                |            1.041980|             0.465663|           0.035928|         1.543572
357  |*i_0_0_288                |            1.069274|             1.551020|           0.035928|         2.656223
358  |*i_0_0_289                |            1.047973|             0.607390|           0.035928|         1.691291
359  |*i_0_0_290                |            1.040165|             0.422741|           0.035928|         1.498835
360  |*i_0_0_291                |            1.038687|             0.387791|           0.035928|         1.462406
361  |*i_0_0_292                |            1.057531|             0.917482|           0.035928|         2.010942
362  |*i_0_0_293                |            1.050980|             0.678507|           0.035928|         1.765415
363  |*i_0_0_294                |            1.041972|             0.465482|           0.035928|         1.543382
364  |*i_0_0_295                |            1.069274|             1.551020|           0.035928|         2.656223
365  |*i_0_0_296                |            1.038687|             0.387791|           0.035928|         1.462406
366  |*i_0_0_297                |            1.051913|             0.700580|           0.035928|         1.788422
367  |*i_0_0_298                |            1.041980|             0.465663|           0.035928|         1.543572
368  |*i_0_0_299                |            1.069274|             1.551020|           0.035928|         2.656223
369  |*i_0_0_300                |            1.047973|             0.607390|           0.035928|         1.691291
370  |*i_0_0_301                |            1.040165|             0.422741|           0.035928|         1.498835
371  |*i_0_0_302                |            1.057531|             0.917482|           0.035928|         2.010942
372  |*i_0_0_303                |            1.050980|             0.678507|           0.035928|         1.765415
373  |*i_0_0_304                |            1.041972|             0.465482|           0.035928|         1.543382
374  |*i_0_0_305                |            0.059417|             0.456415|           0.014353|         0.530185
375  |*i_0_0_306                |            0.624684|             1.462186|           0.017393|         2.104263
376  |*i_0_0_307                |            0.054291|             4.841505|           0.014353|         4.910149
377  |*i_0_0_308                |            0.065757|             3.814272|           0.021200|         3.901229
378  |*i_0_0_309                |            0.099807|             0.169393|           0.014353|         0.283554
379  |*i_0_0_310                |            0.059110|             0.163386|           0.014353|         0.236849
380  |*i_0_0_311                |            0.059110|             0.163386|           0.014353|         0.236849
381  |*i_0_0_312                |            0.059110|             0.163386|           0.014353|         0.236849
382  |*i_0_0_313                |            0.059110|             0.163386|           0.014353|         0.236849
383  |*i_0_0_314                |            0.059110|             0.163386|           0.014353|         0.236849
384  |*i_0_0_315                |            0.059110|             0.163386|           0.014353|         0.236849
385  |*i_0_0_316                |            0.059110|             0.163386|           0.014353|         0.236849
386  |*i_0_0_317                |            0.059110|             0.163386|           0.014353|         0.236849
387  |*i_0_0_318                |            0.059110|             0.163386|           0.014353|         0.236849
388  |*i_0_0_319                |            0.059110|             0.163386|           0.014353|         0.236849
389  |*i_0_0_320                |            0.059110|             0.163386|           0.014353|         0.236849
390  |*i_0_0_321                |            0.059110|             0.163386|           0.014353|         0.236849
391  |*i_0_0_322                |            0.059110|             0.163386|           0.014353|         0.236849
392  |*i_0_0_323                |            0.059110|             0.163386|           0.014353|         0.236849
393  |*i_0_0_324                |            0.059110|             0.163386|           0.014353|         0.236849
394  |*i_0_0_325                |            0.059110|             0.163386|           0.014353|         0.236849
395  |*i_0_0_326                |            0.059110|             0.163386|           0.014353|         0.236849
396  |*i_0_0_327                |            0.059110|             0.163386|           0.014353|         0.236849
397  |*i_0_0_328                |            0.059110|             0.163386|           0.014353|         0.236849
398  |*i_0_0_329                |            0.059110|             0.163386|           0.014353|         0.236849
399  |*i_0_0_330                |            0.059110|             0.163386|           0.014353|         0.236849
400  |*i_0_0_331                |            0.059110|             0.163386|           0.014353|         0.236849
401  |*i_0_0_332                |            0.059110|             0.163386|           0.014353|         0.236849
402  |*i_0_0_333                |            0.059110|             0.163386|           0.014353|         0.236849
403  |*i_0_0_334                |            0.059110|             0.163386|           0.014353|         0.236849
404  |*i_0_0_335                |            0.059110|             0.163386|           0.014353|         0.236849
405  |*i_0_0_336                |            0.059110|             0.163386|           0.014353|         0.236849
406  |*i_0_0_337                |            0.059110|             0.163386|           0.014353|         0.236849
407  |*i_0_0_338                |            0.059110|             0.163386|           0.014353|         0.236849
408  |*i_0_0_339                |            0.059110|             0.163386|           0.014353|         0.236849
409  |*i_0_0_340                |            0.059110|             0.163386|           0.014353|         0.236849
410  |*i_0_0_341                |            0.059110|             0.163386|           0.014353|         0.236849
411  |*i_0_0_342                |            0.059805|             0.108184|           0.014353|         0.182342
412  |*i_0_0_343                |            0.059805|             0.108184|           0.014353|         0.182342
413  |*i_0_0_344                |            0.100090|             0.162943|           0.014353|         0.277386
414  |*i_0_0_345                |            0.059385|             0.635494|           0.014353|         0.709233
415  |*i_0_0_346                |            0.044494|             0.183079|           0.014353|         0.241927
416  |*i_0_0_347                |            0.253050|            53.663647|           0.014353|        53.931049
417  |*multiplicand_reg[63]     |            0.524534|             0.129150|           0.079112|         0.732796
418  |*multiplicand_reg[62]     |            0.533968|             1.127809|           0.079112|         1.740890
419  |*multiplicand_reg[61]     |            0.533968|             1.127809|           0.079112|         1.740890
420  |*multiplicand_reg[60]     |            0.533968|             1.127809|           0.079112|         1.740890
421  |*multiplicand_reg[59]     |            0.533968|             1.127809|           0.079112|         1.740890
422  |*multiplicand_reg[58]     |            0.533968|             1.127809|           0.079112|         1.740890
423  |*multiplicand_reg[57]     |            0.533968|             1.127809|           0.079112|         1.740890
424  |*multiplicand_reg[56]     |            0.533968|             1.127809|           0.079112|         1.740890
425  |*multiplicand_reg[55]     |            0.533968|             1.127809|           0.079112|         1.740890
426  |*multiplicand_reg[54]     |            0.533968|             1.127809|           0.079112|         1.740890
427  |*multiplicand_reg[53]     |            0.533968|             1.127809|           0.079112|         1.740890
428  |*multiplicand_reg[52]     |            0.533968|             1.127809|           0.079112|         1.740890
429  |*multiplicand_reg[51]     |            0.533968|             1.127809|           0.079112|         1.740890
430  |*multiplicand_reg[50]     |            0.533968|             1.127809|           0.079112|         1.740890
431  |*multiplicand_reg[49]     |            0.533968|             1.127809|           0.079112|         1.740890
432  |*multiplicand_reg[48]     |            0.533968|             1.127809|           0.079112|         1.740890
433  |*multiplicand_reg[47]     |            0.533968|             1.127809|           0.079112|         1.740890
434  |*multiplicand_reg[46]     |            0.533968|             1.127809|           0.079112|         1.740890
435  |*multiplicand_reg[45]     |            0.533968|             1.127809|           0.079112|         1.740890
436  |*multiplicand_reg[44]     |            0.533968|             1.127809|           0.079112|         1.740890
437  |*multiplicand_reg[43]     |            0.533968|             1.127809|           0.079112|         1.740890
438  |*multiplicand_reg[42]     |            0.533968|             1.127809|           0.079112|         1.740890
439  |*multiplicand_reg[41]     |            0.533968|             1.127809|           0.079112|         1.740890
440  |*multiplicand_reg[40]     |            0.533968|             1.127809|           0.079112|         1.740890
441  |*multiplicand_reg[39]     |            0.533968|             1.127809|           0.079112|         1.740890
442  |*multiplicand_reg[38]     |            0.533968|             1.127809|           0.079112|         1.740890
443  |*multiplicand_reg[37]     |            0.533968|             1.127809|           0.079112|         1.740890
444  |*multiplicand_reg[36]     |            0.533968|             1.127809|           0.079112|         1.740890
445  |*multiplicand_reg[35]     |            0.533968|             1.127809|           0.079112|         1.740890
446  |*multiplicand_reg[34]     |            0.533968|             1.127809|           0.079112|         1.740890
447  |*multiplicand_reg[33]     |            0.533968|             1.127809|           0.079112|         1.740890
448  |*multiplicand_reg[32]     |            0.533968|             1.127809|           0.079112|         1.740890
449  |*multiplicand_reg[31]     |            0.533968|             1.127809|           0.079112|         1.740890
450  |*multiplicand_reg[30]     |            0.530493|             0.313667|           0.079112|         0.923272
451  |*multiplicand_reg[29]     |            0.529284|             0.262238|           0.079112|         0.870634
452  |*multiplicand_reg[28]     |            0.529284|             0.262238|           0.079112|         0.870634
453  |*multiplicand_reg[27]     |            0.529284|             0.262238|           0.079112|         0.870634
454  |*multiplicand_reg[26]     |            0.529284|             0.262238|           0.079112|         0.870634
455  |*multiplicand_reg[25]     |            0.529284|             0.262238|           0.079112|         0.870634
456  |*multiplicand_reg[24]     |            0.529284|             0.262238|           0.079112|         0.870634
457  |*multiplicand_reg[23]     |            0.529284|             0.262238|           0.079112|         0.870634
458  |*multiplicand_reg[22]     |            0.529284|             0.262238|           0.079112|         0.870634
459  |*multiplicand_reg[21]     |            0.529284|             0.262238|           0.079112|         0.870634
460  |*multiplicand_reg[20]     |            0.529284|             0.262238|           0.079112|         0.870634
461  |*multiplicand_reg[19]     |            0.529284|             0.262238|           0.079112|         0.870634
462  |*multiplicand_reg[18]     |            0.529284|             0.262238|           0.079112|         0.870634
463  |*multiplicand_reg[17]     |            0.529284|             0.262238|           0.079112|         0.870634
464  |*multiplicand_reg[16]     |            0.529284|             0.262238|           0.079112|         0.870634
465  |*multiplicand_reg[15]     |            0.529284|             0.262238|           0.079112|         0.870634
466  |*multiplicand_reg[14]     |            0.529284|             0.262238|           0.079112|         0.870634
467  |*multiplicand_reg[13]     |            0.529284|             0.262238|           0.079112|         0.870634
468  |*multiplicand_reg[12]     |            0.529284|             0.262238|           0.079112|         0.870634
469  |*multiplicand_reg[11]     |            0.529284|             0.262238|           0.079112|         0.870634
470  |*multiplicand_reg[10]     |            0.529284|             0.262238|           0.079112|         0.870634
471  |*multiplicand_reg[9]      |            0.529284|             0.262238|           0.079112|         0.870634
472  |*multiplicand_reg[8]      |            0.529284|             0.262238|           0.079112|         0.870634
473  |*multiplicand_reg[7]      |            0.529284|             0.262238|           0.079112|         0.870634
474  |*multiplicand_reg[6]      |            0.529284|             0.262238|           0.079112|         0.870634
475  |*multiplicand_reg[5]      |            0.529284|             0.262238|           0.079112|         0.870634
476  |*multiplicand_reg[4]      |            0.529284|             0.262238|           0.079112|         0.870634
477  |*multiplicand_reg[3]      |            0.529284|             0.262238|           0.079112|         0.870634
478  |*multiplicand_reg[2]      |            0.529284|             0.262238|           0.079112|         0.870634
479  |*multiplicand_reg[1]      |            0.529284|             0.262238|           0.079112|         0.870634
480  |*multiplicand_reg[0]      |            0.396334|             0.179862|           0.079112|         0.655309
481  |*clk_gate_accumulator_reg |            0.420572|             0.000000|           0.059138|         0.479710
482  |*accumulator_reg[63]      |            0.452083|             0.177051|           0.079112|         0.708246
483  |*accumulator_reg[62]      |            0.451883|             0.171705|           0.079112|         0.702700
484  |*accumulator_reg[61]      |            0.451883|             0.171705|           0.079112|         0.702700
485  |*accumulator_reg[60]      |            0.451883|             0.171705|           0.079112|         0.702700
486  |*accumulator_reg[59]      |            0.451883|             0.171705|           0.079112|         0.702700
487  |*accumulator_reg[58]      |            0.451883|             0.171705|           0.079112|         0.702700
488  |*accumulator_reg[57]      |            0.451883|             0.171705|           0.079112|         0.702700
489  |*accumulator_reg[56]      |            0.451883|             0.171705|           0.079112|         0.702700
490  |*accumulator_reg[55]      |            0.451883|             0.171705|           0.079112|         0.702700
491  |*accumulator_reg[54]      |            0.451883|             0.171705|           0.079112|         0.702700
492  |*accumulator_reg[53]      |            0.451883|             0.171705|           0.079112|         0.702700
493  |*accumulator_reg[52]      |            0.451883|             0.171705|           0.079112|         0.702700
494  |*accumulator_reg[51]      |            0.451883|             0.171705|           0.079112|         0.702700
495  |*accumulator_reg[50]      |            0.451883|             0.171705|           0.079112|         0.702700
496  |*accumulator_reg[49]      |            0.451883|             0.171705|           0.079112|         0.702700
497  |*accumulator_reg[48]      |            0.451883|             0.171705|           0.079112|         0.702700
498  |*accumulator_reg[47]      |            0.451883|             0.171705|           0.079112|         0.702700
499  |*accumulator_reg[46]      |            0.451883|             0.171705|           0.079112|         0.702700
500  |*accumulator_reg[45]      |            0.451883|             0.171705|           0.079112|         0.702700
501  |*accumulator_reg[44]      |            0.451883|             0.171705|           0.079112|         0.702700
502  |*accumulator_reg[43]      |            0.451883|             0.171705|           0.079112|         0.702700
503  |*accumulator_reg[42]      |            0.451883|             0.171705|           0.079112|         0.702700
504  |*accumulator_reg[41]      |            0.451883|             0.171705|           0.079112|         0.702700
505  |*accumulator_reg[40]      |            0.451883|             0.171705|           0.079112|         0.702700
506  |*accumulator_reg[39]      |            0.451883|             0.171705|           0.079112|         0.702700
507  |*accumulator_reg[38]      |            0.451883|             0.171705|           0.079112|         0.702700
508  |*accumulator_reg[37]      |            0.451883|             0.171705|           0.079112|         0.702700
509  |*accumulator_reg[36]      |            0.451883|             0.171705|           0.079112|         0.702700
510  |*accumulator_reg[35]      |            0.451883|             0.171705|           0.079112|         0.702700
511  |*accumulator_reg[34]      |            0.451883|             0.171705|           0.079112|         0.702700
512  |*accumulator_reg[33]      |            0.451883|             0.171705|           0.079112|         0.702700
513  |*accumulator_reg[32]      |            0.451883|             0.171705|           0.079112|         0.702700
514  |*accumulator_reg[31]      |            0.451883|             0.171705|           0.079112|         0.702700
515  |*accumulator_reg[30]      |            0.451883|             0.171705|           0.079112|         0.702700
516  |*accumulator_reg[29]      |            0.451883|             0.171705|           0.079112|         0.702700
517  |*accumulator_reg[28]      |            0.451883|             0.171705|           0.079112|         0.702700
518  |*accumulator_reg[27]      |            0.451883|             0.171705|           0.079112|         0.702700
519  |*accumulator_reg[26]      |            0.451883|             0.171705|           0.079112|         0.702700
520  |*accumulator_reg[25]      |            0.451883|             0.171705|           0.079112|         0.702700
521  |*accumulator_reg[24]      |            0.451883|             0.171705|           0.079112|         0.702700
522  |*accumulator_reg[23]      |            0.451883|             0.171705|           0.079112|         0.702700
523  |*accumulator_reg[22]      |            0.451883|             0.171705|           0.079112|         0.702700
524  |*accumulator_reg[21]      |            0.451883|             0.171705|           0.079112|         0.702700
525  |*accumulator_reg[20]      |            0.451883|             0.171705|           0.079112|         0.702700
526  |*accumulator_reg[19]      |            0.451883|             0.171705|           0.079112|         0.702700
527  |*accumulator_reg[18]      |            0.451883|             0.171705|           0.079112|         0.702700
528  |*accumulator_reg[17]      |            0.451883|             0.171705|           0.079112|         0.702700
529  |*accumulator_reg[16]      |            0.451883|             0.171705|           0.079112|         0.702700
530  |*accumulator_reg[15]      |            0.451883|             0.171705|           0.079112|         0.702700
531  |*accumulator_reg[14]      |            0.451883|             0.171705|           0.079112|         0.702700
532  |*accumulator_reg[13]      |            0.451883|             0.171705|           0.079112|         0.702700
533  |*accumulator_reg[12]      |            0.451883|             0.171705|           0.079112|         0.702700
534  |*accumulator_reg[11]      |            0.451883|             0.171705|           0.079112|         0.702700
535  |*accumulator_reg[10]      |            0.451883|             0.171705|           0.079112|         0.702700
536  |*accumulator_reg[9]       |            0.451883|             0.171705|           0.079112|         0.702700
537  |*accumulator_reg[8]       |            0.451883|             0.171705|           0.079112|         0.702700
538  |*accumulator_reg[7]       |            0.336297|             0.127785|           0.079112|         0.543195
539  |*accumulator_reg[6]       |            0.336299|             0.127785|           0.079112|         0.543196
540  |*accumulator_reg[5]       |            0.522915|             0.198695|           0.079112|         0.800722
541  |*accumulator_reg[4]       |            0.522999|             0.198727|           0.079112|         0.800838
542  |*accumulator_reg[3]       |            0.523535|             0.198931|           0.079112|         0.801577
543  |*accumulator_reg[2]       |            0.526965|             0.200234|           0.079112|         0.806312
544  |*accumulator_reg[1]       |            0.526965|             0.200234|           0.079112|         0.806312
545  |*accumulator_reg[0]       |            0.526880|             0.197961|           0.079112|         0.803953
546  |*clk_gate_multiplier_reg  |            0.701405|             0.000000|           0.059138|         0.760543
547  |*multiplier_reg[31]       |            0.349350|             0.070118|           0.079112|         0.498581
548  |*multiplier_reg[30]       |            0.350429|             0.109914|           0.079112|         0.539455
549  |*multiplier_reg[29]       |            0.350418|             0.109618|           0.079112|         0.539148
550  |*multiplier_reg[28]       |            0.350306|             0.106620|           0.079112|         0.536038
551  |*multiplier_reg[27]       |            0.350306|             0.106620|           0.079112|         0.536038
552  |*multiplier_reg[26]       |            0.350418|             0.109618|           0.079112|         0.539148
553  |*multiplier_reg[25]       |            0.348625|             0.041880|           0.079112|         0.469617
554  |*multiplier_reg[24]       |            0.348549|             0.040101|           0.079112|         0.467762
555  |*multiplier_reg[23]       |            0.350464|             0.110867|           0.079112|         0.540444
556  |*multiplier_reg[22]       |            0.349280|             0.066810|           0.079112|         0.495202
557  |*multiplier_reg[21]       |            0.348625|             0.041880|           0.079112|         0.469617
558  |*multiplier_reg[20]       |            0.348549|             0.040101|           0.079112|         0.467762
559  |*multiplier_reg[19]       |            0.348625|             0.041880|           0.079112|         0.469617
560  |*multiplier_reg[18]       |            0.348549|             0.040101|           0.079112|         0.467762
561  |*multiplier_reg[17]       |            0.350418|             0.109618|           0.079112|         0.539148
562  |*multiplier_reg[16]       |            0.350306|             0.106620|           0.079112|         0.536038
563  |*multiplier_reg[15]       |            0.350527|             0.112527|           0.079112|         0.542166
564  |*multiplier_reg[14]       |            0.349280|             0.066810|           0.079112|         0.495202
565  |*multiplier_reg[13]       |            0.348625|             0.041880|           0.079112|         0.469617
566  |*multiplier_reg[12]       |            0.348549|             0.040101|           0.079112|         0.467762
567  |*multiplier_reg[11]       |            0.350418|             0.109618|           0.079112|         0.539148
568  |*multiplier_reg[10]       |            0.355877|             0.648702|           0.079112|         1.083691
569  |*multiplier_reg[9]        |            0.348625|             0.041880|           0.079112|         0.469617
570  |*multiplier_reg[8]        |            0.348549|             0.040101|           0.079112|         0.467762
571  |*multiplier_reg[7]        |            0.349432|             0.073954|           0.079112|         0.502497
572  |*multiplier_reg[6]        |            0.350464|             0.110867|           0.079112|         0.540444
573  |*multiplier_reg[5]        |            0.350418|             0.109618|           0.079112|         0.539148
574  |*multiplier_reg[4]        |            0.355877|             0.648702|           0.079112|         1.083691
575  |*multiplier_reg[3]        |            0.348625|             0.041880|           0.079112|         0.469617
576  |*multiplier_reg[2]        |            0.348549|             0.040101|           0.079112|         0.467762
577  |*multiplier_reg[1]        |            0.348625|             0.041880|           0.079112|         0.469617
578  |*multiplier_reg[0]        |            0.348549|             0.040101|           0.079112|         0.467762
579  |*ctr_reg[5]               |            0.532513|             0.492388|           0.079112|         1.104013
580  |*ctr_reg[4]               |            0.531580|             0.409807|           0.079112|         1.020499
581  |*ctr_reg[3]               |            0.533482|             0.635218|           0.079112|         1.247812
582  |*ctr_reg[2]               |            0.533661|             0.816552|           0.079112|         1.429325
583  |*ctr_reg[1]               |            0.400529|             1.158996|           0.079112|         1.638638
584  |*ctr_reg[0]               |            0.534270|             3.311587|           0.079112|         3.924969
585  |*clk_gate_multiplicand_reg|            0.405334|             0.000000|           0.059138|         0.464472
586  |                          |                    |                     |                   |                 
587  |*TOTAL                    |          264.964142|           306.121124|          36.715767|       607.801025
-----+--------------------------+--------------------+---------------------+-------------------+-----------------
