Report Physical info: 
------------------------+-------------+-----------+------------
                        |             |Area (squm)|Leakage (uW)
------------------------+-------------+-----------+------------
Design Name             |Booth        |           |            
  Total Instances       |         1728|       3320|      69.122
    Macros              |            0|          0|       0.000
    Pads                |            0|          0|       0.000
    Phys                |            0|          0|       0.000
    Blackboxes          |            0|          0|       0.000
    Cells               |         1728|       3320|      69.122
      Buffers           |            0|          0|       0.000
      Inverters         |          177|         94|       2.541
      Clock-Gates       |            6|         24|       0.355
      Combinational     |         1188|       1588|      37.984
      Latches           |            0|          0|       0.000
      FlipFlops         |          357|       1614|      28.243
       Single-Bit FF    |          357|       1614|      28.243
       Multi-Bit FF     |            0|          0|       0.000
       Clock-Gated      |          357|           |            
       Bits             |          357|       1614|      28.243
         Load-Enabled   |            0|           |            
         Clock-Gated    |          357|           |            
  Tristate Pin Count    |            0|           |            
Physical Info           |Placed       |           |            
  Chip Size (mm x mm)   |0.134 x 0.134|      18061|            
  Fixed Cell Area       |             |          0|            
    Phys Only           |            0|          0|            
  Placeable Area        |             |       5512|            
  Movable Cell Area     |             |       3320|            
  Utilization (%)       |           60|           |            
  Chip Utilization (%)  |           60|           |            
  Total Wire Length (mm)|        9.165|           |            
  Longest Wire (mm)     |        0.072|           |            
  Average Wire (mm)     |        0.069|           |            
------------------------+-------------+-----------+------------
