Report End Points: 
-----+-------+-------+-------+------+------+-----+------+-----------+-------------
     |Group  |Launch |Capture|Shift |Delay |Depth|Slack |Begin Point|End Point    
-----+-------+-------+-------+------+------+-----+------+-----------+-------------
1    |default|vsysclk|vsysclk|6000.0|4698.9|  134|1068.4|i_reg[1]/Q |Acc_reg[63]/D
2    |default|vsysclk|vsysclk|6000.0|4651.1|  132|1116.2|i_reg[1]/Q |Acc_reg[62]/D
3    |default|vsysclk|vsysclk|6000.0|4584.0|  130|1183.3|i_reg[1]/Q |Acc_reg[61]/D
-----+-------+-------+-------+------+------+-----+------+-----------+-------------
Report End Points: 
-----+-----+-------+-------+------+-----+-----+------+-----------+-----------------------
     |Group|Launch |Capture|Shift |Delay|Depth|Slack |Begin Point|End Point              
-----+-----+-------+-------+------+-----+-----+------+-----------+-----------------------
1    |I2R  |vsysclk|vsysclk|6000.0| 59.1|    3|5655.9|start      |clk_gate_Acc_reg/E     
2    |I2R  |vsysclk|vsysclk|6000.0| 32.8|    1|5682.1|reset      |regB/clk_gate_out_reg/E
3    |I2R  |vsysclk|vsysclk|6000.0| 32.8|    1|5682.1|reset      |regA/clk_gate_out_reg/E
-----+-----+-------+-------+------+-----+-----+------+-----------+-----------------------
Report End Points: 
-----+-----+------+-------+-----+-----+-----+-----+-----------+---------
     |Group|Launch|Capture|Shift|Delay|Depth|Slack|Begin Point|End Point
-----+-----+------+-------+-----+-----+-----+-----+-----------+---------
1    |I2O  |      |       |     |     |     |     |           |         
-----+-----+------+-------+-----+-----+-----+-----+-----------+---------
Report End Points: 
-----+-----+-------+-------+------+-----+-----+------+--------------------+----------
     |Group|Launch |Capture|Shift |Delay|Depth|Slack |Begin Point         |End Point 
-----+-----+-------+-------+------+-----+-----+------+--------------------+----------
1    |R2O  |vsysclk|vsysclk|6000.0|  0.7|    0|5402.5|regOut/out_reg[63]/Q|result[63]
2    |R2O  |vsysclk|vsysclk|6000.0|  0.7|    0|5402.5|regOut/out_reg[62]/Q|result[62]
3    |R2O  |vsysclk|vsysclk|6000.0|  0.7|    0|5402.5|regOut/out_reg[61]/Q|result[61]
-----+-----+-------+-------+------+-----+-----+------+--------------------+----------
