Report for group default
------------------------------------------------------------------------------------------------------------------------------------------------------------
Startpoint: i_reg[1]/Q
    (Clocked by vsysclk R)
Endpoint: Acc_reg[63]/D
    (Clocked by vsysclk R)
Path Group: default
Data required time: 5969.2
    (Clock shift: 6000.0, minus Uncertainty: 0.0, plus Latency 0.0, minus Setup time: 30.8)
Data arrival time: 4900.8
Slack: 1068.4
Logic depth: 134
------------------------------------------------------------------------------------------------------------------------------------------------------------
                                                     Arrival               Arc      Net               Net    Total   fan-                                   
Path                     Module/Cell           Edge     Time    Delay    Delay    Delay     Slew     Load     Load    out     Location Power Domain      (V)
                                                        (ps)     (ps)     (ps)     (ps)     (ps)     (ff)     (ff)    (#)      (um,um)                      
------------------------------------------------------------------------------------------------------------------------------------------------------------
clk                      {create_clock}           r      0.0      0.0      0.0                        0.0      0.0      6    66,  134                       
clk_gate_Acc_reg/CK->GCK CLKGATETST_X1           rr      0.0      0.0      0.0      0.0      0.0      0.0      0.0     70    67,   68  /PD_TOP        (1.10)
i_reg[1]/CK->Q           DFF_X1*                 rr    201.9    201.9    201.9      0.0      0.0     45.1    562.6    122    67,   68  /PD_TOP        (1.10)
i_0_0_79/A->ZN           INV_X32                 rf    234.4     32.5     30.4      2.1     15.3     42.4    514.0    114    67,   68  /PD_TOP        (1.10)
i_0_0_80/A1->ZN          NAND2_X4*               fr    279.9     45.5     43.5      2.0     19.2      2.5     45.7      7    67,   68  /PD_TOP        (1.10)
i_0_0_117/A->ZN          AOI221_X2               rf    295.9     16.0     15.9      0.1     15.3      0.4      3.0      1    67,   68  /PD_TOP        (1.10)
i_0_0_120/A->ZN          AOI221_X2               fr    376.9     81.0     81.0      0.0     14.8      0.4      4.4      1    67,   68  /PD_TOP        (1.10)
i_0_0_122/B1->ZN         AOI21_X2                rf    394.2     17.3     17.3      0.0     48.6      0.4      2.0      1    67,   68  /PD_TOP        (1.10)
i_0_0_155/A1->ZN         OAI33_X1                fr    473.2     79.0     79.0      0.0      6.7      0.6      6.6      2    67,   68  /PD_TOP        (1.10)
i_0_0_162/A1->ZN         NAND2_X4*               rf    563.6     90.4     90.4      0.0     94.8     20.1    286.1     62    67,   68  /PD_TOP        (1.10)
i_0_0_168/B1->ZN         OAI33_X1                fr    646.9     83.3     82.5      0.8     15.3      0.4      3.5      1    67,   68  /PD_TOP        (1.10)
i_0_10/i_1/A->S          HA_X1                   rf    692.4     45.5     45.5      0.0     71.2      0.6      8.3      2    67,   68  /PD_TOP        (1.10)
i_0_10/i_249/B2->ZN      AOI21_X4*               fr    758.6     66.2     66.2      0.0     18.8      0.6     29.7      2    67,   68  /PD_TOP        (1.10)
i_0_10/i_248/A->ZN       INV_X8                  rf    765.6      7.0      7.0      0.0     15.3      0.3      4.5      1    67,   68  /PD_TOP        (1.10)
i_0_10/i_247/B2->ZN      AOI21_X4*               fr    825.7     60.1     60.1      0.0      3.5      0.6     29.7      2    67,   68  /PD_TOP        (1.10)
i_0_10/i_246/A->ZN       INV_X8                  rf    832.7      7.0      7.0      0.0     15.3      0.3      4.5      1    67,   68  /PD_TOP        (1.10)
i_0_10/i_244/B2->ZN      AOI21_X4*               fr    892.8     60.1     60.1      0.0      3.5      0.6     29.7      2    67,   68  /PD_TOP        (1.10)
i_0_10/i_243/A->ZN       INV_X8                  rf    899.8      7.0      7.0      0.0     15.3      0.3      4.5      1    67,   68  /PD_TOP        (1.10)
i_0_10/i_242/B2->ZN      AOI21_X4*               fr    959.9     60.1     60.1      0.0      3.5      0.6     29.7      2    67,   68  /PD_TOP        (1.10)
i_0_10/i_240/A->ZN       INV_X8                  rf    966.9      7.0      7.0      0.0     15.3      0.3      4.5      1    67,   68  /PD_TOP        (1.10)
i_0_10/i_239/B2->ZN      AOI21_X4*               fr   1027.0     60.1     60.1      0.0      3.5      0.6     29.7      2    67,   68  /PD_TOP        (1.10)
i_0_10/i_238/A->ZN       INV_X8                  rf   1034.0      7.0      7.0      0.0     15.3      0.3      4.5      1    67,   68  /PD_TOP        (1.10)
i_0_10/i_236/B2->ZN      AOI21_X4*               fr   1094.1     60.1     60.1      0.0      3.5      0.6     29.7      2    67,   68  /PD_TOP        (1.10)
i_0_10/i_235/A->ZN       INV_X8                  rf   1101.1      7.0      7.0      0.0     15.3      0.3      4.5      1    67,   68  /PD_TOP        (1.10)
i_0_10/i_234/B2->ZN      AOI21_X4*               fr   1161.2     60.1     60.1      0.0      3.5      0.6     29.7      2    67,   68  /PD_TOP        (1.10)
i_0_10/i_232/A->ZN       INV_X8                  rf   1168.2      7.0      7.0      0.0     15.3      0.3      4.5      1    67,   68  /PD_TOP        (1.10)
i_0_10/i_231/B2->ZN      AOI21_X4*               fr   1228.3     60.1     60.1      0.0      3.5      0.6     29.7      2    67,   68  /PD_TOP        (1.10)
i_0_10/i_230/A->ZN       INV_X8                  rf   1235.3      7.0      7.0      0.0     15.3      0.3      4.5      1    67,   68  /PD_TOP        (1.10)
i_0_10/i_228/B2->ZN      AOI21_X4*               fr   1295.4     60.1     60.1      0.0      3.5      0.6     29.7      2    67,   68  /PD_TOP        (1.10)
i_0_10/i_227/A->ZN       INV_X8                  rf   1302.4      7.0      7.0      0.0     15.3      0.3      4.5      1    67,   68  /PD_TOP        (1.10)
i_0_10/i_226/B2->ZN      AOI21_X4*               fr   1362.5     60.1     60.1      0.0      3.5      0.6     29.7      2    67,   68  /PD_TOP        (1.10)
i_0_10/i_224/A->ZN       INV_X8                  rf   1369.5      7.0      7.0      0.0     15.3      0.3      4.5      1    67,   68  /PD_TOP        (1.10)
i_0_10/i_223/B2->ZN      AOI21_X4*               fr   1429.6     60.1     60.1      0.0      3.5      0.6     29.7      2    67,   68  /PD_TOP        (1.10)
i_0_10/i_222/A->ZN       INV_X8                  rf   1436.6      7.0      7.0      0.0     15.3      0.3      4.5      1    67,   68  /PD_TOP        (1.10)
i_0_10/i_220/B2->ZN      AOI21_X4*               fr   1496.7     60.1     60.1      0.0      3.5      0.6     29.7      2    67,   68  /PD_TOP        (1.10)
i_0_10/i_219/A->ZN       INV_X8                  rf   1503.7      7.0      7.0      0.0     15.3      0.3      4.5      1    67,   68  /PD_TOP        (1.10)
i_0_10/i_218/B2->ZN      AOI21_X4*               fr   1563.8     60.1     60.1      0.0      3.5      0.6     29.7      2    67,   68  /PD_TOP        (1.10)
i_0_10/i_216/A->ZN       INV_X8                  rf   1570.8      7.0      7.0      0.0     15.3      0.3      4.5      1    67,   68  /PD_TOP        (1.10)
i_0_10/i_215/B2->ZN      AOI21_X4*               fr   1630.9     60.1     60.1      0.0      3.5      0.6     29.7      2    67,   68  /PD_TOP        (1.10)
i_0_10/i_214/A->ZN       INV_X8                  rf   1637.9      7.0      7.0      0.0     15.3      0.3      4.5      1    67,   68  /PD_TOP        (1.10)
i_0_10/i_212/B2->ZN      AOI21_X4*               fr   1698.0     60.1     60.1      0.0      3.5      0.6     29.7      2    67,   68  /PD_TOP        (1.10)
i_0_10/i_211/A->ZN       INV_X8                  rf   1705.0      7.0      7.0      0.0     15.3      0.3      4.5      1    67,   68  /PD_TOP        (1.10)
i_0_10/i_210/B2->ZN      AOI21_X4*               fr   1765.1     60.1     60.1      0.0      3.5      0.6     29.7      2    67,   68  /PD_TOP        (1.10)
i_0_10/i_208/A->ZN       INV_X8                  rf   1772.1      7.0      7.0      0.0     15.3      0.3      4.5      1    67,   68  /PD_TOP        (1.10)
i_0_10/i_207/B2->ZN      AOI21_X4*               fr   1832.2     60.1     60.1      0.0      3.5      0.6     29.7      2    67,   68  /PD_TOP        (1.10)
i_0_10/i_206/A->ZN       INV_X8                  rf   1839.2      7.0      7.0      0.0     15.3      0.3      4.5      1    67,   68  /PD_TOP        (1.10)
i_0_10/i_204/B2->ZN      AOI21_X4*               fr   1899.3     60.1     60.1      0.0      3.5      0.6     29.7      2    67,   68  /PD_TOP        (1.10)
i_0_10/i_203/A->ZN       INV_X8                  rf   1906.3      7.0      7.0      0.0     15.3      0.3      4.5      1    67,   68  /PD_TOP        (1.10)
i_0_10/i_202/B2->ZN      AOI21_X4*               fr   1966.4     60.1     60.1      0.0      3.5      0.6     29.7      2    67,   68  /PD_TOP        (1.10)
i_0_10/i_200/A->ZN       INV_X8                  rf   1973.4      7.0      7.0      0.0     15.3      0.3      4.5      1    67,   68  /PD_TOP        (1.10)
i_0_10/i_199/B2->ZN      AOI21_X4*               fr   2033.5     60.1     60.1      0.0      3.5      0.6     29.7      2    67,   68  /PD_TOP        (1.10)
i_0_10/i_198/A->ZN       INV_X8                  rf   2040.5      7.0      7.0      0.0     15.3      0.3      4.5      1    67,   68  /PD_TOP        (1.10)
i_0_10/i_196/B2->ZN      AOI21_X4*               fr   2100.6     60.1     60.1      0.0      3.5      0.6     29.7      2    67,   68  /PD_TOP        (1.10)
i_0_10/i_195/A->ZN       INV_X8                  rf   2107.6      7.0      7.0      0.0     15.3      0.3      4.5      1    67,   68  /PD_TOP        (1.10)
i_0_10/i_194/B2->ZN      AOI21_X4*               fr   2167.7     60.1     60.1      0.0      3.5      0.6     29.7      2    67,   68  /PD_TOP        (1.10)
i_0_10/i_192/A->ZN       INV_X8                  rf   2174.7      7.0      7.0      0.0     15.3      0.3      4.5      1    67,   68  /PD_TOP        (1.10)
i_0_10/i_191/B2->ZN      AOI21_X4*               fr   2234.8     60.1     60.1      0.0      3.5      0.6     29.7      2    67,   68  /PD_TOP        (1.10)
i_0_10/i_190/A->ZN       INV_X8                  rf   2241.8      7.0      7.0      0.0     15.3      0.3      4.5      1    67,   68  /PD_TOP        (1.10)
i_0_10/i_188/B2->ZN      AOI21_X4*               fr   2301.9     60.1     60.1      0.0      3.5      0.6     29.7      2    67,   68  /PD_TOP        (1.10)
i_0_10/i_187/A->ZN       INV_X8                  rf   2308.9      7.0      7.0      0.0     15.3      0.3      4.5      1    67,   68  /PD_TOP        (1.10)
i_0_10/i_186/B2->ZN      AOI21_X4*               fr   2369.0     60.1     60.1      0.0      3.5      0.6     29.7      2    67,   68  /PD_TOP        (1.10)
i_0_10/i_184/A->ZN       INV_X8                  rf   2376.0      7.0      7.0      0.0     15.3      0.3      4.5      1    67,   68  /PD_TOP        (1.10)
i_0_10/i_183/B2->ZN      AOI21_X4*               fr   2436.1     60.1     60.1      0.0      3.5      0.6     29.7      2    67,   68  /PD_TOP        (1.10)
i_0_10/i_182/A->ZN       INV_X8                  rf   2443.1      7.0      7.0      0.0     15.3      0.3      4.5      1    67,   68  /PD_TOP        (1.10)
i_0_10/i_180/B2->ZN      AOI21_X4*               fr   2503.2     60.1     60.1      0.0      3.5      0.6     29.7      2    67,   68  /PD_TOP        (1.10)
i_0_10/i_179/A->ZN       INV_X8                  rf   2510.2      7.0      7.0      0.0     15.3      0.3      4.5      1    67,   68  /PD_TOP        (1.10)
i_0_10/i_178/B2->ZN      AOI21_X4*               fr   2570.3     60.1     60.1      0.0      3.5      0.6     29.7      2    67,   68  /PD_TOP        (1.10)
i_0_10/i_176/A->ZN       INV_X8                  rf   2577.3      7.0      7.0      0.0     15.3      0.3      4.5      1    67,   68  /PD_TOP        (1.10)
i_0_10/i_175/B2->ZN      AOI21_X4*               fr   2637.4     60.1     60.1      0.0      3.5      0.6     29.7      2    67,   68  /PD_TOP        (1.10)
i_0_10/i_174/A->ZN       INV_X8                  rf   2644.4      7.0      7.0      0.0     15.3      0.3      4.5      1    67,   68  /PD_TOP        (1.10)
i_0_10/i_172/B2->ZN      AOI21_X4*               fr   2704.5     60.1     60.1      0.0      3.5      0.6     29.7      2    67,   68  /PD_TOP        (1.10)
i_0_10/i_171/A->ZN       INV_X8                  rf   2711.5      7.0      7.0      0.0     15.3      0.3      4.5      1    67,   68  /PD_TOP        (1.10)
i_0_10/i_170/B2->ZN      AOI21_X4*               fr   2771.6     60.1     60.1      0.0      3.5      0.6     29.7      2    67,   68  /PD_TOP        (1.10)
i_0_10/i_168/A->ZN       INV_X8                  rf   2778.6      7.0      7.0      0.0     15.3      0.3      4.5      1    67,   68  /PD_TOP        (1.10)
i_0_10/i_167/B2->ZN      AOI21_X4*               fr   2838.7     60.1     60.1      0.0      3.5      0.6     29.7      2    67,   68  /PD_TOP        (1.10)
i_0_10/i_166/A->ZN       INV_X8                  rf   2845.7      7.0      7.0      0.0     15.3      0.3      4.5      1    67,   68  /PD_TOP        (1.10)
i_0_10/i_164/B2->ZN      AOI21_X4*               fr   2905.8     60.1     60.1      0.0      3.5      0.6     29.7      2    67,   68  /PD_TOP        (1.10)
i_0_10/i_163/A->ZN       INV_X8                  rf   2912.8      7.0      7.0      0.0     15.3      0.3      4.5      1    67,   68  /PD_TOP        (1.10)
i_0_10/i_162/B2->ZN      AOI21_X4*               fr   2972.9     60.1     60.1      0.0      3.5      0.6     29.7      2    67,   68  /PD_TOP        (1.10)
i_0_10/i_160/A->ZN       INV_X8                  rf   2979.9      7.0      7.0      0.0     15.3      0.3      4.5      1    67,   68  /PD_TOP        (1.10)
i_0_10/i_159/B2->ZN      AOI21_X4*               fr   3040.0     60.1     60.1      0.0      3.5      0.6     29.7      2    67,   68  /PD_TOP        (1.10)
i_0_10/i_158/A->ZN       INV_X8                  rf   3047.0      7.0      7.0      0.0     15.3      0.3      4.5      1    67,   68  /PD_TOP        (1.10)
i_0_10/i_156/B2->ZN      AOI21_X4*               fr   3107.1     60.1     60.1      0.0      3.5      0.6     29.7      2    67,   68  /PD_TOP        (1.10)
i_0_10/i_155/A->ZN       INV_X8                  rf   3114.1      7.0      7.0      0.0     15.3      0.3      4.5      1    67,   68  /PD_TOP        (1.10)
i_0_10/i_154/B2->ZN      AOI21_X4*               fr   3174.2     60.1     60.1      0.0      3.5      0.6     29.7      2    67,   68  /PD_TOP        (1.10)
i_0_10/i_152/A->ZN       INV_X8                  rf   3181.2      7.0      7.0      0.0     15.3      0.3      4.5      1    67,   68  /PD_TOP        (1.10)
i_0_10/i_151/B2->ZN      AOI21_X4*               fr   3241.3     60.1     60.1      0.0      3.5      0.6     29.7      2    67,   68  /PD_TOP        (1.10)
i_0_10/i_150/A->ZN       INV_X8                  rf   3248.3      7.0      7.0      0.0     15.3      0.3      4.5      1    67,   68  /PD_TOP        (1.10)
i_0_10/i_148/B2->ZN      AOI21_X4*               fr   3308.4     60.1     60.1      0.0      3.5      0.6     29.7      2    67,   68  /PD_TOP        (1.10)
i_0_10/i_147/A->ZN       INV_X8                  rf   3315.4      7.0      7.0      0.0     15.3      0.3      4.5      1    67,   68  /PD_TOP        (1.10)
i_0_10/i_146/B2->ZN      AOI21_X4*               fr   3375.5     60.1     60.1      0.0      3.5      0.6     29.7      2    67,   68  /PD_TOP        (1.10)
i_0_10/i_144/A->ZN       INV_X8                  rf   3382.5      7.0      7.0      0.0     15.3      0.3      4.5      1    67,   68  /PD_TOP        (1.10)
i_0_10/i_143/B2->ZN      AOI21_X4*               fr   3442.6     60.1     60.1      0.0      3.5      0.6     29.7      2    67,   68  /PD_TOP        (1.10)
i_0_10/i_142/A->ZN       INV_X8                  rf   3449.6      7.0      7.0      0.0     15.3      0.3      4.5      1    67,   68  /PD_TOP        (1.10)
i_0_10/i_140/B2->ZN      AOI21_X4*               fr   3509.7     60.1     60.1      0.0      3.5      0.6     29.7      2    67,   68  /PD_TOP        (1.10)
i_0_10/i_139/A->ZN       INV_X8                  rf   3516.7      7.0      7.0      0.0     15.3      0.3      4.5      1    67,   68  /PD_TOP        (1.10)
i_0_10/i_138/B2->ZN      AOI21_X4*               fr   3576.8     60.1     60.1      0.0      3.5      0.6     29.7      2    67,   68  /PD_TOP        (1.10)
i_0_10/i_136/A->ZN       INV_X8                  rf   3583.8      7.0      7.0      0.0     15.3      0.3      4.5      1    67,   68  /PD_TOP        (1.10)
i_0_10/i_135/B2->ZN      AOI21_X4*               fr   3643.9     60.1     60.1      0.0      3.5      0.6     29.7      2    67,   68  /PD_TOP        (1.10)
i_0_10/i_134/A->ZN       INV_X8                  rf   3650.9      7.0      7.0      0.0     15.3      0.3      4.5      1    67,   68  /PD_TOP        (1.10)
i_0_10/i_132/B2->ZN      AOI21_X4*               fr   3711.0     60.1     60.1      0.0      3.5      0.6     29.7      2    67,   68  /PD_TOP        (1.10)
i_0_10/i_131/A->ZN       INV_X8                  rf   3718.0      7.0      7.0      0.0     15.3      0.3      4.5      1    67,   68  /PD_TOP        (1.10)
i_0_10/i_130/B2->ZN      AOI21_X4*               fr   3778.1     60.1     60.1      0.0      3.5      0.6     29.7      2    67,   68  /PD_TOP        (1.10)
i_0_10/i_128/A->ZN       INV_X8                  rf   3785.1      7.0      7.0      0.0     15.3      0.3      4.5      1    67,   68  /PD_TOP        (1.10)
i_0_10/i_127/B2->ZN      AOI21_X4*               fr   3845.2     60.1     60.1      0.0      3.5      0.6     29.7      2    67,   68  /PD_TOP        (1.10)
i_0_10/i_126/A->ZN       INV_X8                  rf   3852.2      7.0      7.0      0.0     15.3      0.3      4.5      1    67,   68  /PD_TOP        (1.10)
i_0_10/i_124/B2->ZN      AOI21_X4*               fr   3912.3     60.1     60.1      0.0      3.5      0.6     29.7      2    67,   68  /PD_TOP        (1.10)
i_0_10/i_123/A->ZN       INV_X8                  rf   3919.3      7.0      7.0      0.0     15.3      0.3      4.5      1    67,   68  /PD_TOP        (1.10)
i_0_10/i_122/B2->ZN      AOI21_X4*               fr   3979.4     60.1     60.1      0.0      3.5      0.6     29.7      2    67,   68  /PD_TOP        (1.10)
i_0_10/i_120/A->ZN       INV_X8                  rf   3986.4      7.0      7.0      0.0     15.3      0.3      4.5      1    67,   68  /PD_TOP        (1.10)
i_0_10/i_119/B2->ZN      AOI21_X4*               fr   4046.5     60.1     60.1      0.0      3.5      0.6     29.7      2    67,   68  /PD_TOP        (1.10)
i_0_10/i_118/A->ZN       INV_X8                  rf   4053.5      7.0      7.0      0.0     15.3      0.3      4.5      1    67,   68  /PD_TOP        (1.10)
i_0_10/i_116/B2->ZN      AOI21_X4*               fr   4113.6     60.1     60.1      0.0      3.5      0.6     29.7      2    67,   68  /PD_TOP        (1.10)
i_0_10/i_115/A->ZN       INV_X8                  rf   4120.6      7.0      7.0      0.0     15.3      0.3      4.5      1    67,   68  /PD_TOP        (1.10)
i_0_10/i_114/B2->ZN      AOI21_X4*               fr   4180.7     60.1     60.1      0.0      3.5      0.6     29.7      2    67,   68  /PD_TOP        (1.10)
i_0_10/i_112/A->ZN       INV_X8                  rf   4187.7      7.0      7.0      0.0     15.3      0.3      4.5      1    67,   68  /PD_TOP        (1.10)
i_0_10/i_111/B2->ZN      AOI21_X4*               fr   4247.8     60.1     60.1      0.0      3.5      0.6     29.7      2    67,   68  /PD_TOP        (1.10)
i_0_10/i_110/A->ZN       INV_X8                  rf   4254.8      7.0      7.0      0.0     15.3      0.3      4.5      1    67,   68  /PD_TOP        (1.10)
i_0_10/i_108/B2->ZN      AOI21_X4*               fr   4314.9     60.1     60.1      0.0      3.5      0.6     29.7      2    67,   68  /PD_TOP        (1.10)
i_0_10/i_107/A->ZN       INV_X8                  rf   4321.9      7.0      7.0      0.0     15.3      0.3      4.5      1    67,   68  /PD_TOP        (1.10)
i_0_10/i_106/B2->ZN      AOI21_X4*               fr   4382.0     60.1     60.1      0.0      3.5      0.6     29.7      2    67,   68  /PD_TOP        (1.10)
i_0_10/i_104/A->ZN       INV_X8                  rf   4389.0      7.0      7.0      0.0     15.3      0.3      4.5      1    67,   68  /PD_TOP        (1.10)
i_0_10/i_103/B2->ZN      AOI21_X4*               fr   4449.1     60.1     60.1      0.0      3.5      0.6     29.7      2    67,   68  /PD_TOP        (1.10)
i_0_10/i_102/A->ZN       INV_X8                  rf   4456.1      7.0      7.0      0.0     15.3      0.3      4.5      1    67,   68  /PD_TOP        (1.10)
i_0_10/i_100/B2->ZN      AOI21_X4*               fr   4516.2     60.1     60.1      0.0      3.5      0.6     29.7      2    67,   68  /PD_TOP        (1.10)
i_0_10/i_99/A->ZN        INV_X8                  rf   4523.2      7.0      7.0      0.0     15.3      0.3      4.5      1    67,   68  /PD_TOP        (1.10)
i_0_10/i_98/B2->ZN       AOI21_X4*               fr   4583.3     60.1     60.1      0.0      3.5      0.6     29.7      2    67,   68  /PD_TOP        (1.10)
i_0_10/i_96/A->ZN        INV_X8                  rf   4590.3      7.0      7.0      0.0     15.3      0.3      4.5      1    67,   68  /PD_TOP        (1.10)
i_0_10/i_95/B2->ZN       AOI21_X4*               fr   4650.4     60.1     60.1      0.0      3.5      0.6     29.7      2    67,   68  /PD_TOP        (1.10)
i_0_10/i_94/A->ZN        INV_X8                  rf   4657.4      7.0      7.0      0.0     15.3      0.3      4.5      1    67,   68  /PD_TOP        (1.10)
i_0_10/i_92/B2->ZN       AOI21_X4*               fr   4717.5     60.1     60.1      0.0      3.5      0.6     29.7      2    67,   68  /PD_TOP        (1.10)
i_0_10/i_91/A->ZN        INV_X8                  rf   4724.5      7.0      7.0      0.0     15.3      0.3      4.5      1    67,   68  /PD_TOP        (1.10)
i_0_10/i_90/B2->ZN       AOI21_X4*               fr   4784.6     60.1     60.1      0.0      3.5      0.6     29.7      2    67,   68  /PD_TOP        (1.10)
i_0_10/i_88/A->ZN        INV_X8                  rf   4791.6      7.0      7.0      0.0     15.3      0.3      4.5      1    67,   68  /PD_TOP        (1.10)
i_0_10/i_87/B2->ZN       AOI21_X4                fr   4819.7     28.1     28.1      0.0      3.5      0.3      3.6      1    67,   68  /PD_TOP        (1.10)
i_0_10/i_84/A->Z         XOR2_X2                 rr   4870.7     51.0     51.0      0.0     20.7      0.3      2.5      1    67,   68  /PD_TOP        (1.10)
i_0_0_68/A2->ZN          AND2_X4                 rr   4900.8     30.1     30.1      0.0     22.3      0.3      1.4      1    67,   68  /PD_TOP        (1.10)
Acc_reg[63]/D            DFF_X1                   r   4900.8      0.0               0.0      6.3                             67,   68  /PD_TOP        (1.10)
------------------------------------------------------------------------------------------------------------------------------------------------------------
Report for group I2R
------------------------------------------------------------------------------------------------------------------------------------------------------------
Startpoint: start
    (Clocked by vsysclk R)
Endpoint: clk_gate_Acc_reg/E
    (Clocked by vsysclk R)
Path Group: I2R
Data required time: 5915.0
    (Clock shift: 6000.0, minus Uncertainty: 0.0, plus Latency 0.0, minus Setup time: 85.0)
Data arrival time: 259.1
Slack: 5655.9
Logic depth: 3
------------------------------------------------------------------------------------------------------------------------------------------------------------
                                                     Arrival               Arc      Net               Net    Total   fan-                                   
Path                     Module/Cell           Edge     Time    Delay    Delay    Delay     Slew     Load     Load    out     Location Power Domain      (V)
                                                        (ps)     (ps)     (ps)     (ps)     (ps)     (ff)     (ff)    (#)      (um,um)                      
------------------------------------------------------------------------------------------------------------------------------------------------------------
start                    {set_input_delay}        r    200.0    200.0    200.0                        4.7     37.8      4    67,  134                       
i_0_0_913/A2->ZN         NOR2_X4                 rf    213.3     12.7     12.7      0.0    100.0      0.6      4.0      2    67,   68  /PD_TOP        (1.10)
i_0_0_914/A2->ZN         AND2_X4                 ff    249.6     36.3     36.3      0.0      5.5      0.6     26.9      2    67,   68  /PD_TOP        (1.10)
i_0_0_915/A->ZN          INV_X4                  fr    259.1      9.5      9.5      0.0     11.0      0.3      1.2      1    67,   68  /PD_TOP        (1.10)
clk_gate_Acc_reg/E       CLKGATETST_X2            r    259.1      0.6               0.6      4.7                             67,   68  /PD_TOP        (1.10)
------------------------------------------------------------------------------------------------------------------------------------------------------------
Report for group I2O
Report for group R2O
------------------------------------------------------------------------------------------------------------------------------------------------------------
Startpoint: regOut/out_reg[63]/Q
    (Clocked by vsysclk R)
Endpoint: result[63]
    (Clocked by vsysclk R)
Path Group: R2O
Data required time: 5500.0
    (Clock shift: 6000.0, minus Uncertainty: 0.0, plus Latency 0.0, minus Out delay: 500.0)
Data arrival time: 97.5
Slack: 5402.5
Logic depth: 0
------------------------------------------------------------------------------------------------------------------------------------------------------------
                                                     Arrival               Arc      Net               Net    Total   fan-                                   
Path                     Module/Cell           Edge     Time    Delay    Delay    Delay     Slew     Load     Load    out     Location Power Domain      (V)
                                                        (ps)     (ps)     (ps)     (ps)     (ps)     (ff)     (ff)    (#)      (um,um)                      
------------------------------------------------------------------------------------------------------------------------------------------------------------
clk                      {create_clock}           r      0.0      0.0      0.0                        0.0      0.0      6    66,  134                       
regOut/clk_gate_out_reg/CK->GCK
                         CLKGATETST_X1           rr      0.0      0.0      0.0      0.0      0.0      0.0      0.0     64    67,   68  /PD_TOP        (1.10)
regOut/out_reg[63]/CK->Q DFF_X1                  rf     96.8     96.8     96.8      0.0      0.0      4.1     14.1      1    67,   68  /PD_TOP        (1.10)
result[63]                                        f     97.5      0.7               0.7     18.0                             71,    0                       
------------------------------------------------------------------------------------------------------------------------------------------------------------
