Report End Points: 
-----+-------+-------+-------+------+------+-----+------+-----------------+------------------
     |Group  |Launch |Capture|Shift |Delay |Depth|Slack |Begin Point      |End Point         
-----+-------+-------+-------+------+------+-----+------+-----------------+------------------
1    |default|vsysclk|vsysclk|6000.0|4249.2|  124|1539.9|regA/out_reg[1]/Q|outB/out_reg[30]/D
2    |default|vsysclk|vsysclk|6000.0|4225.0|  125|1564.1|regA/out_reg[1]/Q|outB/out_reg[31]/D
3    |default|vsysclk|vsysclk|6000.0|4189.3|  122|1599.8|regA/out_reg[1]/Q|outB/out_reg[29]/D
-----+-------+-------+-------+------+------+-----+------+-----------------+------------------
Report End Points: 
-----+-----+-------+-------+------+-----+-----+------+-----------+-----------------------
     |Group|Launch |Capture|Shift |Delay|Depth|Slack |Begin Point|End Point              
-----+-----+-------+-------+------+-----+-----+------+-----------+-----------------------
1    |I2R  |vsysclk|vsysclk|6000.0| 32.9|    1|5682.0|reset      |regA/clk_gate_out_reg/E
2    |I2R  |vsysclk|vsysclk|6000.0| 32.9|    1|5682.0|reset      |regB/clk_gate_out_reg/E
3    |I2R  |vsysclk|vsysclk|6000.0| 32.9|    1|5682.0|reset      |outB/clk_gate_out_reg/E
-----+-----+-------+-------+------+-----+-----+------+-----------+-----------------------
Report End Points: 
-----+-----+------+-------+-----+-----+-----+-----+-----------+---------
     |Group|Launch|Capture|Shift|Delay|Depth|Slack|Begin Point|End Point
-----+-----+------+-------+-----+-----+-----+-----+-----------+---------
1    |I2O  |      |       |     |     |     |     |           |         
-----+-----+------+-------+-----+-----+-----+-----+-----------+---------
Report End Points: 
-----+-----+-------+-------+------+-----+-----+------+------------------+----------
     |Group|Launch |Capture|Shift |Delay|Depth|Slack |Begin Point       |End Point 
-----+-----+-------+-------+------+-----+-----+------+------------------+----------
1    |R2O  |vsysclk|vsysclk|6000.0|  1.3|    0|5399.8|outB/out_reg[31]/Q|result[63]
2    |R2O  |vsysclk|vsysclk|6000.0|  1.3|    0|5399.8|outB/out_reg[29]/Q|result[61]
3    |R2O  |vsysclk|vsysclk|6000.0|  1.3|    0|5399.9|outB/out_reg[27]/Q|result[59]
-----+-----+-------+-------+------+-----+-----+------+------------------+----------
