Report End Points: 
-----+-------+-------+-------+------+------+-----+------+-----------+-------------
     |Group  |Launch |Capture|Shift |Delay |Depth|Slack |Begin Point|End Point    
-----+-------+-------+-------+------+------+-----+------+-----------+-------------
1    |default|vsysclk|vsysclk|6000.0|5140.3|  139| 669.8|x_reg[1]/Q |Out_reg[63]/D
2    |default|vsysclk|vsysclk|6000.0|5111.0|  137| 707.0|x_reg[1]/Q |Out_reg[62]/D
3    |default|vsysclk|vsysclk|6000.0|5041.2|  135| 776.8|x_reg[1]/Q |Out_reg[61]/D
4    |default|vsysclk|vsysclk|6000.0|4949.9|  133| 868.1|x_reg[1]/Q |Out_reg[60]/D
5    |default|vsysclk|vsysclk|6000.0|4901.6|  131| 916.4|x_reg[1]/Q |Out_reg[59]/D
6    |default|vsysclk|vsysclk|6000.0|4831.8|  129| 986.2|x_reg[1]/Q |Out_reg[58]/D
7    |default|vsysclk|vsysclk|6000.0|4762.0|  127|1056.0|x_reg[1]/Q |Out_reg[57]/D
8    |default|vsysclk|vsysclk|6000.0|4670.7|  125|1147.3|x_reg[1]/Q |Out_reg[56]/D
9    |default|vsysclk|vsysclk|6000.0|4622.4|  123|1195.6|x_reg[1]/Q |Out_reg[55]/D
10   |default|vsysclk|vsysclk|6000.0|4552.6|  121|1265.4|x_reg[1]/Q |Out_reg[54]/D
11   |default|vsysclk|vsysclk|6000.0|4482.8|  119|1335.2|x_reg[1]/Q |Out_reg[53]/D
12   |default|vsysclk|vsysclk|6000.0|4391.5|  117|1426.5|x_reg[1]/Q |Out_reg[52]/D
13   |default|vsysclk|vsysclk|6000.0|4343.2|  115|1474.8|x_reg[1]/Q |Out_reg[51]/D
14   |default|vsysclk|vsysclk|6000.0|4273.4|  113|1544.6|x_reg[1]/Q |Out_reg[50]/D
15   |default|vsysclk|vsysclk|6000.0|4203.6|  111|1614.4|x_reg[1]/Q |Out_reg[49]/D
16   |default|vsysclk|vsysclk|6000.0|4112.3|  109|1705.7|x_reg[1]/Q |Out_reg[48]/D
17   |default|vsysclk|vsysclk|6000.0|4064.0|  107|1754.0|x_reg[1]/Q |Out_reg[47]/D
18   |default|vsysclk|vsysclk|6000.0|3994.2|  105|1823.8|x_reg[1]/Q |Out_reg[46]/D
19   |default|vsysclk|vsysclk|6000.0|3924.4|  103|1893.6|x_reg[1]/Q |Out_reg[45]/D
20   |default|vsysclk|vsysclk|6000.0|3833.1|  101|1984.9|x_reg[1]/Q |Out_reg[44]/D
21   |default|vsysclk|vsysclk|6000.0|3784.8|   99|2033.2|x_reg[1]/Q |Out_reg[43]/D
22   |default|vsysclk|vsysclk|6000.0|3715.0|   97|2103.0|x_reg[1]/Q |Out_reg[42]/D
23   |default|vsysclk|vsysclk|6000.0|3645.2|   95|2172.8|x_reg[1]/Q |Out_reg[41]/D
24   |default|vsysclk|vsysclk|6000.0|3553.9|   93|2264.1|x_reg[1]/Q |Out_reg[40]/D
25   |default|vsysclk|vsysclk|6000.0|3505.6|   91|2312.4|x_reg[1]/Q |Out_reg[39]/D
26   |default|vsysclk|vsysclk|6000.0|3435.8|   89|2382.2|x_reg[1]/Q |Out_reg[38]/D
27   |default|vsysclk|vsysclk|6000.0|3366.0|   87|2452.0|x_reg[1]/Q |Out_reg[37]/D
28   |default|vsysclk|vsysclk|6000.0|3274.7|   85|2543.3|x_reg[1]/Q |Out_reg[36]/D
29   |default|vsysclk|vsysclk|6000.0|3226.4|   83|2591.6|x_reg[1]/Q |Out_reg[35]/D
30   |default|vsysclk|vsysclk|6000.0|3156.6|   81|2661.4|x_reg[1]/Q |Out_reg[34]/D
31   |default|vsysclk|vsysclk|6000.0|3086.8|   79|2731.2|x_reg[1]/Q |Out_reg[33]/D
32   |default|vsysclk|vsysclk|6000.0|2995.5|   77|2822.5|x_reg[1]/Q |Out_reg[32]/D
33   |default|vsysclk|vsysclk|6000.0|2947.2|   75|2870.8|x_reg[1]/Q |Out_reg[31]/D
34   |default|vsysclk|vsysclk|6000.0|2877.4|   73|2940.6|x_reg[1]/Q |Out_reg[30]/D
35   |default|vsysclk|vsysclk|6000.0|2807.6|   71|3010.4|x_reg[1]/Q |Out_reg[29]/D
36   |default|vsysclk|vsysclk|6000.0|2664.6|   68|3153.4|x_reg[1]/Q |Out_reg[28]/D
37   |default|vsysclk|vsysclk|6000.0|2533.7|   65|3284.3|x_reg[1]/Q |Out_reg[27]/D
38   |default|vsysclk|vsysclk|6000.0|2403.3|   62|3414.7|x_reg[1]/Q |Out_reg[26]/D
39   |default|vsysclk|vsysclk|6000.0|2333.5|   60|3484.5|x_reg[1]/Q |Out_reg[25]/D
40   |default|vsysclk|vsysclk|6000.0|2263.7|   58|3554.3|x_reg[1]/Q |Out_reg[24]/D
41   |default|vsysclk|vsysclk|6000.0|2193.9|   56|3624.1|x_reg[1]/Q |Out_reg[23]/D
42   |default|vsysclk|vsysclk|6000.0|2124.1|   54|3693.9|x_reg[1]/Q |Out_reg[22]/D
43   |default|vsysclk|vsysclk|6000.0|2054.3|   52|3763.7|x_reg[1]/Q |Out_reg[21]/D
44   |default|vsysclk|vsysclk|6000.0|1984.5|   50|3833.5|x_reg[1]/Q |Out_reg[20]/D
45   |default|vsysclk|vsysclk|6000.0|1914.7|   48|3903.3|x_reg[1]/Q |Out_reg[19]/D
46   |default|vsysclk|vsysclk|6000.0|1844.9|   46|3973.1|x_reg[1]/Q |Out_reg[18]/D
47   |default|vsysclk|vsysclk|6000.0|1713.8|   43|4104.2|x_reg[1]/Q |Out_reg[17]/D
48   |default|vsysclk|vsysclk|6000.0|1644.0|   41|4174.0|x_reg[1]/Q |Out_reg[16]/D
49   |default|vsysclk|vsysclk|6000.0|1574.2|   39|4243.8|x_reg[1]/Q |Out_reg[15]/D
50   |default|vsysclk|vsysclk|6000.0|1504.4|   37|4313.6|x_reg[1]/Q |Out_reg[14]/D
51   |default|vsysclk|vsysclk|6000.0|1434.6|   35|4383.4|x_reg[1]/Q |Out_reg[13]/D
52   |default|vsysclk|vsysclk|6000.0|1364.8|   33|4453.2|x_reg[1]/Q |Out_reg[12]/D
53   |default|vsysclk|vsysclk|6000.0|1295.0|   31|4523.0|x_reg[1]/Q |Out_reg[11]/D
54   |default|vsysclk|vsysclk|6000.0|1163.9|   28|4654.1|x_reg[1]/Q |Out_reg[10]/D
55   |default|vsysclk|vsysclk|6000.0|1033.1|   25|4784.9|x_reg[1]/Q |Out_reg[9]/D 
56   |default|vsysclk|vsysclk|6000.0| 905.0|   22|4913.0|x_reg[1]/Q |Out_reg[8]/D 
57   |default|vsysclk|vsysclk|6000.0| 835.2|   20|4982.8|x_reg[1]/Q |Out_reg[7]/D 
58   |default|vsysclk|vsysclk|6000.0| 765.4|   18|5052.6|x_reg[1]/Q |Out_reg[6]/D 
59   |default|vsysclk|vsysclk|6000.0| 639.0|   14|5181.1|x_reg[3]/Q |Out_reg[5]/D 
60   |default|vsysclk|vsysclk|6000.0| 529.1|   11|5291.0|x_reg[3]/Q |Out_reg[4]/D 
61   |default|vsysclk|vsysclk|6000.0| 417.5|    8|5402.6|x_reg[3]/Q |Out_reg[3]/D 
62   |default|vsysclk|vsysclk|6000.0| 264.4|    6|5553.6|x_reg[1]/Q |Out_reg[2]/D 
63   |default|vsysclk|vsysclk|6000.0| 142.2|    4|5674.5|x_reg[0]/Q |Out_reg[1]/D 
64   |default|vsysclk|vsysclk|6000.0|  79.0|    3|5737.7|x_reg[0]/Q |Out_reg[0]/D 
-----+-------+-------+-------+------+------+-----+------+-----------+-------------
Report End Points: 
-----+-----+-------+-------+------+-----+-----+------+-----------+-----------
     |Group|Launch |Capture|Shift |Delay|Depth|Slack |Begin Point|End Point  
-----+-----+-------+-------+------+-----+-----+------+-----------+-----------
1    |I2R  |vsysclk|vsysclk|6000.0|  0.5|    0|5666.9|A[31]      |x_reg[31]/D
2    |I2R  |vsysclk|vsysclk|6000.0|  0.5|    0|5666.9|A[30]      |x_reg[30]/D
3    |I2R  |vsysclk|vsysclk|6000.0|  0.5|    0|5666.9|A[29]      |x_reg[29]/D
4    |I2R  |vsysclk|vsysclk|6000.0|  0.5|    0|5666.9|A[28]      |x_reg[28]/D
5    |I2R  |vsysclk|vsysclk|6000.0|  0.5|    0|5666.9|A[27]      |x_reg[27]/D
6    |I2R  |vsysclk|vsysclk|6000.0|  0.5|    0|5666.9|A[26]      |x_reg[26]/D
7    |I2R  |vsysclk|vsysclk|6000.0|  0.4|    0|5667.0|B[26]      |y_reg[26]/D
8    |I2R  |vsysclk|vsysclk|6000.0|  0.4|    0|5667.0|B[25]      |y_reg[25]/D
9    |I2R  |vsysclk|vsysclk|6000.0|  0.4|    0|5667.0|B[24]      |y_reg[24]/D
10   |I2R  |vsysclk|vsysclk|6000.0|  0.4|    0|5667.0|B[23]      |y_reg[23]/D
11   |I2R  |vsysclk|vsysclk|6000.0|  0.4|    0|5667.0|B[22]      |y_reg[22]/D
12   |I2R  |vsysclk|vsysclk|6000.0|  0.4|    0|5667.0|B[21]      |y_reg[21]/D
13   |I2R  |vsysclk|vsysclk|6000.0|  0.4|    0|5667.0|B[20]      |y_reg[20]/D
14   |I2R  |vsysclk|vsysclk|6000.0|  0.4|    0|5667.0|B[19]      |y_reg[19]/D
15   |I2R  |vsysclk|vsysclk|6000.0|  0.4|    0|5667.0|B[18]      |y_reg[18]/D
16   |I2R  |vsysclk|vsysclk|6000.0|  0.4|    0|5667.0|B[17]      |y_reg[17]/D
17   |I2R  |vsysclk|vsysclk|6000.0|  0.4|    0|5667.0|B[16]      |y_reg[16]/D
18   |I2R  |vsysclk|vsysclk|6000.0|  0.4|    0|5667.0|B[15]      |y_reg[15]/D
19   |I2R  |vsysclk|vsysclk|6000.0|  0.4|    0|5667.0|B[14]      |y_reg[14]/D
20   |I2R  |vsysclk|vsysclk|6000.0|  0.4|    0|5667.0|B[13]      |y_reg[13]/D
21   |I2R  |vsysclk|vsysclk|6000.0|  0.4|    0|5667.0|B[12]      |y_reg[12]/D
22   |I2R  |vsysclk|vsysclk|6000.0|  0.4|    0|5667.0|B[11]      |y_reg[11]/D
23   |I2R  |vsysclk|vsysclk|6000.0|  0.4|    0|5667.0|B[10]      |y_reg[10]/D
24   |I2R  |vsysclk|vsysclk|6000.0|  0.4|    0|5667.0|B[9]       |y_reg[9]/D 
25   |I2R  |vsysclk|vsysclk|6000.0|  0.4|    0|5667.0|B[8]       |y_reg[8]/D 
26   |I2R  |vsysclk|vsysclk|6000.0|  0.4|    0|5667.0|B[7]       |y_reg[7]/D 
27   |I2R  |vsysclk|vsysclk|6000.0|  0.4|    0|5667.0|B[6]       |y_reg[6]/D 
28   |I2R  |vsysclk|vsysclk|6000.0|  0.4|    0|5667.0|B[5]       |y_reg[5]/D 
29   |I2R  |vsysclk|vsysclk|6000.0|  0.4|    0|5667.0|B[4]       |y_reg[4]/D 
30   |I2R  |vsysclk|vsysclk|6000.0|  0.4|    0|5667.0|B[3]       |y_reg[3]/D 
31   |I2R  |vsysclk|vsysclk|6000.0|  0.4|    0|5667.0|B[2]       |y_reg[2]/D 
32   |I2R  |vsysclk|vsysclk|6000.0|  0.4|    0|5667.0|B[1]       |y_reg[1]/D 
33   |I2R  |vsysclk|vsysclk|6000.0|  0.4|    0|5667.0|B[0]       |y_reg[0]/D 
34   |I2R  |vsysclk|vsysclk|6000.0|  0.4|    0|5667.0|B[31]      |y_reg[31]/D
35   |I2R  |vsysclk|vsysclk|6000.0|  0.4|    0|5667.0|B[30]      |y_reg[30]/D
36   |I2R  |vsysclk|vsysclk|6000.0|  0.4|    0|5667.0|B[29]      |y_reg[29]/D
37   |I2R  |vsysclk|vsysclk|6000.0|  0.4|    0|5667.0|B[28]      |y_reg[28]/D
38   |I2R  |vsysclk|vsysclk|6000.0|  0.4|    0|5667.0|A[25]      |x_reg[25]/D
39   |I2R  |vsysclk|vsysclk|6000.0|  0.4|    0|5667.0|A[24]      |x_reg[24]/D
40   |I2R  |vsysclk|vsysclk|6000.0|  0.4|    0|5667.0|A[23]      |x_reg[23]/D
41   |I2R  |vsysclk|vsysclk|6000.0|  0.4|    0|5667.0|A[22]      |x_reg[22]/D
42   |I2R  |vsysclk|vsysclk|6000.0|  0.4|    0|5667.0|A[21]      |x_reg[21]/D
43   |I2R  |vsysclk|vsysclk|6000.0|  0.4|    0|5667.0|A[20]      |x_reg[20]/D
44   |I2R  |vsysclk|vsysclk|6000.0|  0.4|    0|5667.0|A[19]      |x_reg[19]/D
45   |I2R  |vsysclk|vsysclk|6000.0|  0.4|    0|5667.0|A[18]      |x_reg[18]/D
46   |I2R  |vsysclk|vsysclk|6000.0|  0.4|    0|5667.0|A[17]      |x_reg[17]/D
47   |I2R  |vsysclk|vsysclk|6000.0|  0.4|    0|5667.0|A[16]      |x_reg[16]/D
48   |I2R  |vsysclk|vsysclk|6000.0|  0.4|    0|5667.0|A[15]      |x_reg[15]/D
49   |I2R  |vsysclk|vsysclk|6000.0|  0.4|    0|5667.0|A[14]      |x_reg[14]/D
50   |I2R  |vsysclk|vsysclk|6000.0|  0.4|    0|5667.0|A[13]      |x_reg[13]/D
51   |I2R  |vsysclk|vsysclk|6000.0|  0.4|    0|5667.0|A[12]      |x_reg[12]/D
52   |I2R  |vsysclk|vsysclk|6000.0|  0.4|    0|5667.0|A[11]      |x_reg[11]/D
53   |I2R  |vsysclk|vsysclk|6000.0|  0.4|    0|5667.0|A[10]      |x_reg[10]/D
54   |I2R  |vsysclk|vsysclk|6000.0|  0.4|    0|5667.0|A[9]       |x_reg[9]/D 
55   |I2R  |vsysclk|vsysclk|6000.0|  0.4|    0|5667.0|A[8]       |x_reg[8]/D 
56   |I2R  |vsysclk|vsysclk|6000.0|  0.4|    0|5667.0|A[7]       |x_reg[7]/D 
57   |I2R  |vsysclk|vsysclk|6000.0|  0.4|    0|5667.0|A[6]       |x_reg[6]/D 
58   |I2R  |vsysclk|vsysclk|6000.0|  0.4|    0|5667.0|A[5]       |x_reg[5]/D 
59   |I2R  |vsysclk|vsysclk|6000.0|  0.4|    0|5667.0|A[4]       |x_reg[4]/D 
60   |I2R  |vsysclk|vsysclk|6000.0|  0.4|    0|5667.0|A[3]       |x_reg[3]/D 
61   |I2R  |vsysclk|vsysclk|6000.0|  0.4|    0|5667.0|A[2]       |x_reg[2]/D 
62   |I2R  |vsysclk|vsysclk|6000.0|  0.4|    0|5667.0|A[1]       |x_reg[1]/D 
63   |I2R  |vsysclk|vsysclk|6000.0|  0.4|    0|5667.0|A[0]       |x_reg[0]/D 
64   |I2R  |vsysclk|vsysclk|6000.0|  0.4|    0|5667.0|B[27]      |y_reg[27]/D
-----+-----+-------+-------+------+-----+-----+------+-----------+-----------
Report End Points: 
-----+-----+------+-------+-----+-----+-----+-----+-----------+---------
     |Group|Launch|Capture|Shift|Delay|Depth|Slack|Begin Point|End Point
-----+-----+------+-------+-----+-----+-----+-----+-----------+---------
1    |I2O  |      |       |     |     |     |     |           |         
-----+-----+------+-------+-----+-----+-----+-----+-----------+---------
Report End Points: 
-----+-----+-------+-------+------+-----+-----+------+-------------+---------
     |Group|Launch |Capture|Shift |Delay|Depth|Slack |Begin Point  |End Point
-----+-----+-------+-------+------+-----+-----+------+-------------+---------
1    |R2O  |vsysclk|vsysclk|6000.0|  0.5|    0|5403.3|Out_reg[63]/Q|Out[63]  
2    |R2O  |vsysclk|vsysclk|6000.0|  0.5|    0|5403.3|Out_reg[62]/Q|Out[62]  
3    |R2O  |vsysclk|vsysclk|6000.0|  0.5|    0|5403.3|Out_reg[61]/Q|Out[61]  
4    |R2O  |vsysclk|vsysclk|6000.0|  0.5|    0|5403.3|Out_reg[60]/Q|Out[60]  
5    |R2O  |vsysclk|vsysclk|6000.0|  0.5|    0|5403.3|Out_reg[59]/Q|Out[59]  
6    |R2O  |vsysclk|vsysclk|6000.0|  0.5|    0|5403.3|Out_reg[58]/Q|Out[58]  
7    |R2O  |vsysclk|vsysclk|6000.0|  0.5|    0|5403.3|Out_reg[57]/Q|Out[57]  
8    |R2O  |vsysclk|vsysclk|6000.0|  0.5|    0|5403.3|Out_reg[56]/Q|Out[56]  
9    |R2O  |vsysclk|vsysclk|6000.0|  0.5|    0|5403.3|Out_reg[55]/Q|Out[55]  
10   |R2O  |vsysclk|vsysclk|6000.0|  0.5|    0|5403.3|Out_reg[54]/Q|Out[54]  
11   |R2O  |vsysclk|vsysclk|6000.0|  0.5|    0|5403.3|Out_reg[53]/Q|Out[53]  
12   |R2O  |vsysclk|vsysclk|6000.0|  0.5|    0|5403.3|Out_reg[52]/Q|Out[52]  
13   |R2O  |vsysclk|vsysclk|6000.0|  0.5|    0|5403.3|Out_reg[51]/Q|Out[51]  
14   |R2O  |vsysclk|vsysclk|6000.0|  0.5|    0|5403.3|Out_reg[50]/Q|Out[50]  
15   |R2O  |vsysclk|vsysclk|6000.0|  0.5|    0|5403.3|Out_reg[49]/Q|Out[49]  
16   |R2O  |vsysclk|vsysclk|6000.0|  0.5|    0|5403.3|Out_reg[48]/Q|Out[48]  
17   |R2O  |vsysclk|vsysclk|6000.0|  0.5|    0|5403.3|Out_reg[47]/Q|Out[47]  
18   |R2O  |vsysclk|vsysclk|6000.0|  0.5|    0|5403.3|Out_reg[46]/Q|Out[46]  
19   |R2O  |vsysclk|vsysclk|6000.0|  0.5|    0|5403.4|Out_reg[45]/Q|Out[45]  
20   |R2O  |vsysclk|vsysclk|6000.0|  0.5|    0|5403.4|Out_reg[44]/Q|Out[44]  
21   |R2O  |vsysclk|vsysclk|6000.0|  0.5|    0|5403.4|Out_reg[43]/Q|Out[43]  
22   |R2O  |vsysclk|vsysclk|6000.0|  0.5|    0|5403.4|Out_reg[42]/Q|Out[42]  
23   |R2O  |vsysclk|vsysclk|6000.0|  0.5|    0|5403.4|Out_reg[41]/Q|Out[41]  
24   |R2O  |vsysclk|vsysclk|6000.0|  0.5|    0|5403.4|Out_reg[40]/Q|Out[40]  
25   |R2O  |vsysclk|vsysclk|6000.0|  0.5|    0|5403.4|Out_reg[39]/Q|Out[39]  
26   |R2O  |vsysclk|vsysclk|6000.0|  0.5|    0|5403.4|Out_reg[38]/Q|Out[38]  
27   |R2O  |vsysclk|vsysclk|6000.0|  0.5|    0|5403.4|Out_reg[37]/Q|Out[37]  
28   |R2O  |vsysclk|vsysclk|6000.0|  0.5|    0|5403.4|Out_reg[36]/Q|Out[36]  
29   |R2O  |vsysclk|vsysclk|6000.0|  0.5|    0|5403.4|Out_reg[35]/Q|Out[35]  
30   |R2O  |vsysclk|vsysclk|6000.0|  0.5|    0|5403.4|Out_reg[34]/Q|Out[34]  
31   |R2O  |vsysclk|vsysclk|6000.0|  0.5|    0|5403.4|Out_reg[33]/Q|Out[33]  
32   |R2O  |vsysclk|vsysclk|6000.0|  0.5|    0|5403.4|Out_reg[32]/Q|Out[32]  
33   |R2O  |vsysclk|vsysclk|6000.0|  0.5|    0|5403.4|Out_reg[31]/Q|Out[31]  
34   |R2O  |vsysclk|vsysclk|6000.0|  0.5|    0|5403.4|Out_reg[30]/Q|Out[30]  
35   |R2O  |vsysclk|vsysclk|6000.0|  0.5|    0|5403.4|Out_reg[29]/Q|Out[29]  
36   |R2O  |vsysclk|vsysclk|6000.0|  0.5|    0|5403.4|Out_reg[28]/Q|Out[28]  
37   |R2O  |vsysclk|vsysclk|6000.0|  0.5|    0|5403.4|Out_reg[27]/Q|Out[27]  
38   |R2O  |vsysclk|vsysclk|6000.0|  0.5|    0|5403.4|Out_reg[26]/Q|Out[26]  
39   |R2O  |vsysclk|vsysclk|6000.0|  0.5|    0|5403.5|Out_reg[25]/Q|Out[25]  
40   |R2O  |vsysclk|vsysclk|6000.0|  0.5|    0|5403.5|Out_reg[24]/Q|Out[24]  
41   |R2O  |vsysclk|vsysclk|6000.0|  0.5|    0|5403.5|Out_reg[23]/Q|Out[23]  
42   |R2O  |vsysclk|vsysclk|6000.0|  0.5|    0|5403.5|Out_reg[22]/Q|Out[22]  
43   |R2O  |vsysclk|vsysclk|6000.0|  0.5|    0|5403.5|Out_reg[21]/Q|Out[21]  
44   |R2O  |vsysclk|vsysclk|6000.0|  0.5|    0|5403.5|Out_reg[20]/Q|Out[20]  
45   |R2O  |vsysclk|vsysclk|6000.0|  0.5|    0|5403.5|Out_reg[19]/Q|Out[19]  
46   |R2O  |vsysclk|vsysclk|6000.0|  0.5|    0|5403.5|Out_reg[18]/Q|Out[18]  
47   |R2O  |vsysclk|vsysclk|6000.0|  0.5|    0|5403.5|Out_reg[17]/Q|Out[17]  
48   |R2O  |vsysclk|vsysclk|6000.0|  0.5|    0|5403.5|Out_reg[16]/Q|Out[16]  
49   |R2O  |vsysclk|vsysclk|6000.0|  0.5|    0|5403.5|Out_reg[15]/Q|Out[15]  
50   |R2O  |vsysclk|vsysclk|6000.0|  0.5|    0|5403.5|Out_reg[14]/Q|Out[14]  
51   |R2O  |vsysclk|vsysclk|6000.0|  0.5|    0|5403.5|Out_reg[13]/Q|Out[13]  
52   |R2O  |vsysclk|vsysclk|6000.0|  0.5|    0|5403.5|Out_reg[12]/Q|Out[12]  
53   |R2O  |vsysclk|vsysclk|6000.0|  0.5|    0|5403.5|Out_reg[11]/Q|Out[11]  
54   |R2O  |vsysclk|vsysclk|6000.0|  0.5|    0|5403.5|Out_reg[10]/Q|Out[10]  
55   |R2O  |vsysclk|vsysclk|6000.0|  0.5|    0|5403.5|Out_reg[9]/Q |Out[9]   
56   |R2O  |vsysclk|vsysclk|6000.0|  0.5|    0|5403.5|Out_reg[8]/Q |Out[8]   
57   |R2O  |vsysclk|vsysclk|6000.0|  0.5|    0|5403.5|Out_reg[7]/Q |Out[7]   
58   |R2O  |vsysclk|vsysclk|6000.0|  0.5|    0|5403.5|Out_reg[6]/Q |Out[6]   
59   |R2O  |vsysclk|vsysclk|6000.0|  0.5|    0|5403.6|Out_reg[5]/Q |Out[5]   
60   |R2O  |vsysclk|vsysclk|6000.0|  0.5|    0|5403.6|Out_reg[4]/Q |Out[4]   
61   |R2O  |vsysclk|vsysclk|6000.0|  0.5|    0|5403.6|Out_reg[3]/Q |Out[3]   
62   |R2O  |vsysclk|vsysclk|6000.0|  0.5|    0|5403.6|Out_reg[2]/Q |Out[2]   
63   |R2O  |vsysclk|vsysclk|6000.0|  0.5|    0|5403.6|Out_reg[1]/Q |Out[1]   
64   |R2O  |vsysclk|vsysclk|6000.0|  0.5|    0|5403.6|Out_reg[0]/Q |Out[0]   
-----+-----+-------+-------+------+-----+-----+------+-------------+---------
