Report End Points: 
-----+-------+-------+-------+------+------+-----+------+-----------+-------------
     |Group  |Launch |Capture|Shift |Delay |Depth|Slack |Begin Point|End Point    
-----+-------+-------+-------+------+------+-----+------+-----------+-------------
1    |default|vsysclk|vsysclk|6000.0|4742.4|  139|1037.4|i_reg[3]/Q |Acc_reg[63]/D
2    |default|vsysclk|vsysclk|6000.0|4694.6|  137|1085.2|i_reg[3]/Q |Acc_reg[62]/D
3    |default|vsysclk|vsysclk|6000.0|4627.5|  135|1152.3|i_reg[3]/Q |Acc_reg[61]/D
-----+-------+-------+-------+------+------+-----+------+-----------+-------------
Report End Points: 
-----+-----+-------+-------+------+-----+-----+------+-----------+-----------------------
     |Group|Launch |Capture|Shift |Delay|Depth|Slack |Begin Point|End Point              
-----+-----+-------+-------+------+-----+-----+------+-----------+-----------------------
1    |I2R  |vsysclk|vsysclk|6000.0| 43.0|    2|5669.3|start      |clk_gate_Acc_reg/E     
2    |I2R  |vsysclk|vsysclk|6000.0| 32.8|    1|5682.1|reset      |regB/clk_gate_out_reg/E
3    |I2R  |vsysclk|vsysclk|6000.0| 32.8|    1|5682.1|reset      |regA/clk_gate_out_reg/E
-----+-----+-------+-------+------+-----+-----+------+-----------+-----------------------
Report End Points: 
-----+-----+------+-------+-----+-----+-----+-----+-----------+---------
     |Group|Launch|Capture|Shift|Delay|Depth|Slack|Begin Point|End Point
-----+-----+------+-------+-----+-----+-----+-----+-----------+---------
1    |I2O  |      |       |     |     |     |     |           |         
-----+-----+------+-------+-----+-----+-----+-----+-----------+---------
Report End Points: 
-----+-----+-------+-------+------+-----+-----+------+--------------------+----------
     |Group|Launch |Capture|Shift |Delay|Depth|Slack |Begin Point         |End Point 
-----+-----+-------+-------+------+-----+-----+------+--------------------+----------
1    |R2O  |vsysclk|vsysclk|6000.0|  0.8|    0|5401.9|regOut/out_reg[62]/Q|result[62]
2    |R2O  |vsysclk|vsysclk|6000.0|  0.8|    0|5401.9|regOut/out_reg[59]/Q|result[59]
3    |R2O  |vsysclk|vsysclk|6000.0|  0.8|    0|5401.9|regOut/out_reg[56]/Q|result[56]
-----+-----+-------+-------+------+-----+-----+------+--------------------+----------
