Report for group default
------------------------------------------------------------------------------------------------------------------------------------------------------------
Startpoint: i_reg[3]/Q
    (Clocked by vsysclk R)
Endpoint: Acc_reg[63]/D
    (Clocked by vsysclk R)
Path Group: default
Data required time: 5969.2
    (Clock shift: 6000.0, minus Uncertainty: 0.0, plus Latency 0.0, minus Setup time: 30.8)
Data arrival time: 4931.8
Slack: 1037.4
Logic depth: 139
------------------------------------------------------------------------------------------------------------------------------------------------------------
                                                     Arrival               Arc      Net               Net    Total   fan-                                   
Path                     Module/Cell           Edge     Time    Delay    Delay    Delay     Slew     Load     Load    out     Location Power Domain      (V)
                                                        (ps)     (ps)     (ps)     (ps)     (ps)     (ff)     (ff)    (#)      (um,um)                      
------------------------------------------------------------------------------------------------------------------------------------------------------------
clk                      {create_clock}           r      0.0      0.0      0.0                        0.0      0.0      6   140,   69                       
clk_gate_Acc_reg/CK->GCK CLKGATETST_X1           rr      0.0      0.0      0.0      0.0      0.0      0.0      0.0     69    77,   66  /PD_TOP        (1.10)
i_reg[3]/CK->Q           DFF_X1*                 rr    189.4    189.4    189.4      0.0      0.0     22.5    295.6     62    77,   66  /PD_TOP        (1.10)
i_0_0_71/A1->ZN          NOR2_X4*                rf    240.7     51.3     50.3      1.0     15.3      9.8    135.4     27    77,   66  /PD_TOP        (1.10)
i_0_0_75/A->ZN           INV_X8                  fr    263.5     22.8     22.4      0.4     15.3      2.3     31.1      7    77,   66  /PD_TOP        (1.10)
i_0_0_78/A1->ZN          NOR2_X4*                rf    290.9     27.4     27.3      0.1     11.9      4.1     44.6     11    77,   66  /PD_TOP        (1.10)
i_0_0_80/B2->ZN          AOI221_X2               fr    372.5     81.6     81.5      0.1     15.3      0.4      3.0      1    77,   66  /PD_TOP        (1.10)
i_0_0_87/A->ZN           OAI221_X2               rf    417.7     45.2     45.2      0.0     43.5      0.4      4.4      1    77,   66  /PD_TOP        (1.10)
i_0_0_97/A1->ZN          AOI22_X4*               fr    487.2     69.5     69.5      0.0     19.4      1.0     34.5      3    77,   66  /PD_TOP        (1.10)
i_0_0_98/A->ZN           INV_X8                  rf    495.5      8.3      8.3      0.0     15.3      0.6      9.0      2    77,   66  /PD_TOP        (1.10)
i_0_0_116/A1->ZN         OAI22_X4*               fr    552.8     57.3     57.3      0.0      4.0      0.6     30.2      2    77,   66  /PD_TOP        (1.10)
i_0_0_122/A->ZN          INV_X8                  rf    560.9      8.1      8.1      0.0     15.3      0.5      8.1      2    77,   66  /PD_TOP        (1.10)
i_0_0_129/A1->ZN         NAND2_X4*               fr    592.7     31.8     31.8      0.0      3.9      1.8     36.8      5    77,   66  /PD_TOP        (1.10)
i_0_0_130/A->ZN          INV_X32                 rf    612.9     20.2     20.2      0.0     15.3     21.1    248.5     57    77,   66  /PD_TOP        (1.10)
i_0_0_134/A1->ZN         AOI22_X4                fr    645.8     32.9     32.0      0.9     10.8      0.3      4.4      1    77,   66  /PD_TOP        (1.10)
i_0_0_138/B1->ZN         AOI21_X4                rf    662.8     17.0     17.0      0.0     25.0      0.3      3.5      1    77,   66  /PD_TOP        (1.10)
i_0_14/i_1/A->S          HA_X1                   ff    723.4     60.6     60.6      0.0      7.4      0.6      8.3      2    77,   66  /PD_TOP        (1.10)
i_0_14/i_249/B2->ZN      AOI21_X4*               fr    789.6     66.2     66.2      0.0     18.8      0.6     29.7      2    77,   66  /PD_TOP        (1.10)
i_0_14/i_248/A->ZN       INV_X8                  rf    796.6      7.0      7.0      0.0     15.3      0.3      4.5      1    77,   66  /PD_TOP        (1.10)
i_0_14/i_247/B2->ZN      AOI21_X4*               fr    856.7     60.1     60.1      0.0      3.5      0.6     29.7      2    77,   66  /PD_TOP        (1.10)
i_0_14/i_246/A->ZN       INV_X8                  rf    863.7      7.0      7.0      0.0     15.3      0.3      4.5      1    77,   66  /PD_TOP        (1.10)
i_0_14/i_244/B2->ZN      AOI21_X4*               fr    923.8     60.1     60.1      0.0      3.5      0.6     29.7      2    77,   66  /PD_TOP        (1.10)
i_0_14/i_243/A->ZN       INV_X8                  rf    930.8      7.0      7.0      0.0     15.3      0.3      4.5      1    77,   66  /PD_TOP        (1.10)
i_0_14/i_242/B2->ZN      AOI21_X4*               fr    990.9     60.1     60.1      0.0      3.5      0.6     29.7      2    77,   66  /PD_TOP        (1.10)
i_0_14/i_240/A->ZN       INV_X8                  rf    997.9      7.0      7.0      0.0     15.3      0.3      4.5      1    77,   66  /PD_TOP        (1.10)
i_0_14/i_239/B2->ZN      AOI21_X4*               fr   1058.0     60.1     60.1      0.0      3.5      0.6     29.7      2    77,   66  /PD_TOP        (1.10)
i_0_14/i_238/A->ZN       INV_X8                  rf   1065.0      7.0      7.0      0.0     15.3      0.3      4.5      1    77,   66  /PD_TOP        (1.10)
i_0_14/i_236/B2->ZN      AOI21_X4*               fr   1125.1     60.1     60.1      0.0      3.5      0.6     29.7      2    77,   66  /PD_TOP        (1.10)
i_0_14/i_235/A->ZN       INV_X8                  rf   1132.1      7.0      7.0      0.0     15.3      0.3      4.5      1    77,   66  /PD_TOP        (1.10)
i_0_14/i_234/B2->ZN      AOI21_X4*               fr   1192.2     60.1     60.1      0.0      3.5      0.6     29.7      2    77,   66  /PD_TOP        (1.10)
i_0_14/i_232/A->ZN       INV_X8                  rf   1199.2      7.0      7.0      0.0     15.3      0.3      4.5      1    77,   66  /PD_TOP        (1.10)
i_0_14/i_231/B2->ZN      AOI21_X4*               fr   1259.3     60.1     60.1      0.0      3.5      0.6     29.7      2    77,   66  /PD_TOP        (1.10)
i_0_14/i_230/A->ZN       INV_X8                  rf   1266.3      7.0      7.0      0.0     15.3      0.3      4.5      1    77,   66  /PD_TOP        (1.10)
i_0_14/i_228/B2->ZN      AOI21_X4*               fr   1326.4     60.1     60.1      0.0      3.5      0.6     29.7      2    77,   66  /PD_TOP        (1.10)
i_0_14/i_227/A->ZN       INV_X8                  rf   1333.4      7.0      7.0      0.0     15.3      0.3      4.5      1    77,   66  /PD_TOP        (1.10)
i_0_14/i_226/B2->ZN      AOI21_X4*               fr   1393.5     60.1     60.1      0.0      3.5      0.6     29.7      2    77,   66  /PD_TOP        (1.10)
i_0_14/i_224/A->ZN       INV_X8                  rf   1400.5      7.0      7.0      0.0     15.3      0.3      4.5      1    77,   66  /PD_TOP        (1.10)
i_0_14/i_223/B2->ZN      AOI21_X4*               fr   1460.6     60.1     60.1      0.0      3.5      0.6     29.7      2    77,   66  /PD_TOP        (1.10)
i_0_14/i_222/A->ZN       INV_X8                  rf   1467.6      7.0      7.0      0.0     15.3      0.3      4.5      1    77,   66  /PD_TOP        (1.10)
i_0_14/i_220/B2->ZN      AOI21_X4*               fr   1527.7     60.1     60.1      0.0      3.5      0.6     29.7      2    77,   66  /PD_TOP        (1.10)
i_0_14/i_219/A->ZN       INV_X8                  rf   1534.7      7.0      7.0      0.0     15.3      0.3      4.5      1    77,   66  /PD_TOP        (1.10)
i_0_14/i_218/B2->ZN      AOI21_X4*               fr   1594.8     60.1     60.1      0.0      3.5      0.6     29.7      2    77,   66  /PD_TOP        (1.10)
i_0_14/i_216/A->ZN       INV_X8                  rf   1601.8      7.0      7.0      0.0     15.3      0.3      4.5      1    77,   66  /PD_TOP        (1.10)
i_0_14/i_215/B2->ZN      AOI21_X4*               fr   1661.9     60.1     60.1      0.0      3.5      0.6     29.7      2    77,   66  /PD_TOP        (1.10)
i_0_14/i_214/A->ZN       INV_X8                  rf   1668.9      7.0      7.0      0.0     15.3      0.3      4.5      1    77,   66  /PD_TOP        (1.10)
i_0_14/i_212/B2->ZN      AOI21_X4*               fr   1729.0     60.1     60.1      0.0      3.5      0.6     29.7      2    77,   66  /PD_TOP        (1.10)
i_0_14/i_211/A->ZN       INV_X8                  rf   1736.0      7.0      7.0      0.0     15.3      0.3      4.5      1    77,   66  /PD_TOP        (1.10)
i_0_14/i_210/B2->ZN      AOI21_X4*               fr   1796.1     60.1     60.1      0.0      3.5      0.6     29.7      2    77,   66  /PD_TOP        (1.10)
i_0_14/i_208/A->ZN       INV_X8                  rf   1803.1      7.0      7.0      0.0     15.3      0.3      4.5      1    77,   66  /PD_TOP        (1.10)
i_0_14/i_207/B2->ZN      AOI21_X4*               fr   1863.2     60.1     60.1      0.0      3.5      0.6     29.7      2    77,   66  /PD_TOP        (1.10)
i_0_14/i_206/A->ZN       INV_X8                  rf   1870.2      7.0      7.0      0.0     15.3      0.3      4.5      1    77,   66  /PD_TOP        (1.10)
i_0_14/i_204/B2->ZN      AOI21_X4*               fr   1930.3     60.1     60.1      0.0      3.5      0.6     29.7      2    77,   66  /PD_TOP        (1.10)
i_0_14/i_203/A->ZN       INV_X8                  rf   1937.3      7.0      7.0      0.0     15.3      0.3      4.5      1    77,   66  /PD_TOP        (1.10)
i_0_14/i_202/B2->ZN      AOI21_X4*               fr   1997.4     60.1     60.1      0.0      3.5      0.6     29.7      2    77,   66  /PD_TOP        (1.10)
i_0_14/i_200/A->ZN       INV_X8                  rf   2004.4      7.0      7.0      0.0     15.3      0.3      4.5      1    77,   66  /PD_TOP        (1.10)
i_0_14/i_199/B2->ZN      AOI21_X4*               fr   2064.5     60.1     60.1      0.0      3.5      0.6     29.7      2    77,   66  /PD_TOP        (1.10)
i_0_14/i_198/A->ZN       INV_X8                  rf   2071.5      7.0      7.0      0.0     15.3      0.3      4.5      1    77,   66  /PD_TOP        (1.10)
i_0_14/i_196/B2->ZN      AOI21_X4*               fr   2131.6     60.1     60.1      0.0      3.5      0.6     29.7      2    77,   66  /PD_TOP        (1.10)
i_0_14/i_195/A->ZN       INV_X8                  rf   2138.6      7.0      7.0      0.0     15.3      0.3      4.5      1    77,   66  /PD_TOP        (1.10)
i_0_14/i_194/B2->ZN      AOI21_X4*               fr   2198.7     60.1     60.1      0.0      3.5      0.6     29.7      2    77,   66  /PD_TOP        (1.10)
i_0_14/i_192/A->ZN       INV_X8                  rf   2205.7      7.0      7.0      0.0     15.3      0.3      4.5      1    77,   66  /PD_TOP        (1.10)
i_0_14/i_191/B2->ZN      AOI21_X4*               fr   2265.8     60.1     60.1      0.0      3.5      0.6     29.7      2    77,   66  /PD_TOP        (1.10)
i_0_14/i_190/A->ZN       INV_X8                  rf   2272.8      7.0      7.0      0.0     15.3      0.3      4.5      1    77,   66  /PD_TOP        (1.10)
i_0_14/i_188/B2->ZN      AOI21_X4*               fr   2332.9     60.1     60.1      0.0      3.5      0.6     29.7      2    77,   66  /PD_TOP        (1.10)
i_0_14/i_187/A->ZN       INV_X8                  rf   2339.9      7.0      7.0      0.0     15.3      0.3      4.5      1    77,   66  /PD_TOP        (1.10)
i_0_14/i_186/B2->ZN      AOI21_X4*               fr   2400.0     60.1     60.1      0.0      3.5      0.6     29.7      2    77,   66  /PD_TOP        (1.10)
i_0_14/i_184/A->ZN       INV_X8                  rf   2407.0      7.0      7.0      0.0     15.3      0.3      4.5      1    77,   66  /PD_TOP        (1.10)
i_0_14/i_183/B2->ZN      AOI21_X4*               fr   2467.1     60.1     60.1      0.0      3.5      0.6     29.7      2    77,   66  /PD_TOP        (1.10)
i_0_14/i_182/A->ZN       INV_X8                  rf   2474.1      7.0      7.0      0.0     15.3      0.3      4.5      1    77,   66  /PD_TOP        (1.10)
i_0_14/i_180/B2->ZN      AOI21_X4*               fr   2534.2     60.1     60.1      0.0      3.5      0.6     29.7      2    77,   66  /PD_TOP        (1.10)
i_0_14/i_179/A->ZN       INV_X8                  rf   2541.2      7.0      7.0      0.0     15.3      0.3      4.5      1    77,   66  /PD_TOP        (1.10)
i_0_14/i_178/B2->ZN      AOI21_X4*               fr   2601.3     60.1     60.1      0.0      3.5      0.6     29.7      2    77,   66  /PD_TOP        (1.10)
i_0_14/i_176/A->ZN       INV_X8                  rf   2608.3      7.0      7.0      0.0     15.3      0.3      4.5      1    77,   66  /PD_TOP        (1.10)
i_0_14/i_175/B2->ZN      AOI21_X4*               fr   2668.4     60.1     60.1      0.0      3.5      0.6     29.7      2    77,   66  /PD_TOP        (1.10)
i_0_14/i_174/A->ZN       INV_X8                  rf   2675.4      7.0      7.0      0.0     15.3      0.3      4.5      1    77,   66  /PD_TOP        (1.10)
i_0_14/i_172/B2->ZN      AOI21_X4*               fr   2735.5     60.1     60.1      0.0      3.5      0.6     29.7      2    77,   66  /PD_TOP        (1.10)
i_0_14/i_171/A->ZN       INV_X8                  rf   2742.5      7.0      7.0      0.0     15.3      0.3      4.5      1    77,   66  /PD_TOP        (1.10)
i_0_14/i_170/B2->ZN      AOI21_X4*               fr   2802.6     60.1     60.1      0.0      3.5      0.6     29.7      2    77,   66  /PD_TOP        (1.10)
i_0_14/i_168/A->ZN       INV_X8                  rf   2809.6      7.0      7.0      0.0     15.3      0.3      4.5      1    77,   66  /PD_TOP        (1.10)
i_0_14/i_167/B2->ZN      AOI21_X4*               fr   2869.7     60.1     60.1      0.0      3.5      0.6     29.7      2    77,   66  /PD_TOP        (1.10)
i_0_14/i_166/A->ZN       INV_X8                  rf   2876.7      7.0      7.0      0.0     15.3      0.3      4.5      1    77,   66  /PD_TOP        (1.10)
i_0_14/i_164/B2->ZN      AOI21_X4*               fr   2936.8     60.1     60.1      0.0      3.5      0.6     29.7      2    77,   66  /PD_TOP        (1.10)
i_0_14/i_163/A->ZN       INV_X8                  rf   2943.8      7.0      7.0      0.0     15.3      0.3      4.5      1    77,   66  /PD_TOP        (1.10)
i_0_14/i_162/B2->ZN      AOI21_X4*               fr   3003.9     60.1     60.1      0.0      3.5      0.6     29.7      2    77,   66  /PD_TOP        (1.10)
i_0_14/i_160/A->ZN       INV_X8                  rf   3010.9      7.0      7.0      0.0     15.3      0.3      4.5      1    77,   66  /PD_TOP        (1.10)
i_0_14/i_159/B2->ZN      AOI21_X4*               fr   3071.0     60.1     60.1      0.0      3.5      0.6     29.7      2    77,   66  /PD_TOP        (1.10)
i_0_14/i_158/A->ZN       INV_X8                  rf   3078.0      7.0      7.0      0.0     15.3      0.3      4.5      1    77,   66  /PD_TOP        (1.10)
i_0_14/i_156/B2->ZN      AOI21_X4*               fr   3138.1     60.1     60.1      0.0      3.5      0.6     29.7      2    77,   66  /PD_TOP        (1.10)
i_0_14/i_155/A->ZN       INV_X8                  rf   3145.1      7.0      7.0      0.0     15.3      0.3      4.5      1    77,   66  /PD_TOP        (1.10)
i_0_14/i_154/B2->ZN      AOI21_X4*               fr   3205.2     60.1     60.1      0.0      3.5      0.6     29.7      2    77,   66  /PD_TOP        (1.10)
i_0_14/i_152/A->ZN       INV_X8                  rf   3212.2      7.0      7.0      0.0     15.3      0.3      4.5      1    77,   66  /PD_TOP        (1.10)
i_0_14/i_151/B2->ZN      AOI21_X4*               fr   3272.3     60.1     60.1      0.0      3.5      0.6     29.7      2    77,   66  /PD_TOP        (1.10)
i_0_14/i_150/A->ZN       INV_X8                  rf   3279.3      7.0      7.0      0.0     15.3      0.3      4.5      1    77,   66  /PD_TOP        (1.10)
i_0_14/i_148/B2->ZN      AOI21_X4*               fr   3339.4     60.1     60.1      0.0      3.5      0.6     29.7      2    77,   66  /PD_TOP        (1.10)
i_0_14/i_147/A->ZN       INV_X8                  rf   3346.4      7.0      7.0      0.0     15.3      0.3      4.5      1    77,   66  /PD_TOP        (1.10)
i_0_14/i_146/B2->ZN      AOI21_X4*               fr   3406.5     60.1     60.1      0.0      3.5      0.6     29.7      2    77,   66  /PD_TOP        (1.10)
i_0_14/i_144/A->ZN       INV_X8                  rf   3413.5      7.0      7.0      0.0     15.3      0.3      4.5      1    77,   66  /PD_TOP        (1.10)
i_0_14/i_143/B2->ZN      AOI21_X4*               fr   3473.6     60.1     60.1      0.0      3.5      0.6     29.7      2    77,   66  /PD_TOP        (1.10)
i_0_14/i_142/A->ZN       INV_X8                  rf   3480.6      7.0      7.0      0.0     15.3      0.3      4.5      1    77,   66  /PD_TOP        (1.10)
i_0_14/i_140/B2->ZN      AOI21_X4*               fr   3540.7     60.1     60.1      0.0      3.5      0.6     29.7      2    77,   66  /PD_TOP        (1.10)
i_0_14/i_139/A->ZN       INV_X8                  rf   3547.7      7.0      7.0      0.0     15.3      0.3      4.5      1    77,   66  /PD_TOP        (1.10)
i_0_14/i_138/B2->ZN      AOI21_X4*               fr   3607.8     60.1     60.1      0.0      3.5      0.6     29.7      2    77,   66  /PD_TOP        (1.10)
i_0_14/i_136/A->ZN       INV_X8                  rf   3614.8      7.0      7.0      0.0     15.3      0.3      4.5      1    77,   66  /PD_TOP        (1.10)
i_0_14/i_135/B2->ZN      AOI21_X4*               fr   3674.9     60.1     60.1      0.0      3.5      0.6     29.7      2    77,   66  /PD_TOP        (1.10)
i_0_14/i_134/A->ZN       INV_X8                  rf   3681.9      7.0      7.0      0.0     15.3      0.3      4.5      1    77,   66  /PD_TOP        (1.10)
i_0_14/i_132/B2->ZN      AOI21_X4*               fr   3742.0     60.1     60.1      0.0      3.5      0.6     29.7      2    77,   66  /PD_TOP        (1.10)
i_0_14/i_131/A->ZN       INV_X8                  rf   3749.0      7.0      7.0      0.0     15.3      0.3      4.5      1    77,   66  /PD_TOP        (1.10)
i_0_14/i_130/B2->ZN      AOI21_X4*               fr   3809.1     60.1     60.1      0.0      3.5      0.6     29.7      2    77,   66  /PD_TOP        (1.10)
i_0_14/i_128/A->ZN       INV_X8                  rf   3816.1      7.0      7.0      0.0     15.3      0.3      4.5      1    77,   66  /PD_TOP        (1.10)
i_0_14/i_127/B2->ZN      AOI21_X4*               fr   3876.2     60.1     60.1      0.0      3.5      0.6     29.7      2    77,   66  /PD_TOP        (1.10)
i_0_14/i_126/A->ZN       INV_X8                  rf   3883.2      7.0      7.0      0.0     15.3      0.3      4.5      1    77,   66  /PD_TOP        (1.10)
i_0_14/i_124/B2->ZN      AOI21_X4*               fr   3943.3     60.1     60.1      0.0      3.5      0.6     29.7      2    77,   66  /PD_TOP        (1.10)
i_0_14/i_123/A->ZN       INV_X8                  rf   3950.3      7.0      7.0      0.0     15.3      0.3      4.5      1    77,   66  /PD_TOP        (1.10)
i_0_14/i_122/B2->ZN      AOI21_X4*               fr   4010.4     60.1     60.1      0.0      3.5      0.6     29.7      2    77,   66  /PD_TOP        (1.10)
i_0_14/i_120/A->ZN       INV_X8                  rf   4017.4      7.0      7.0      0.0     15.3      0.3      4.5      1    77,   66  /PD_TOP        (1.10)
i_0_14/i_119/B2->ZN      AOI21_X4*               fr   4077.5     60.1     60.1      0.0      3.5      0.6     29.7      2    77,   66  /PD_TOP        (1.10)
i_0_14/i_118/A->ZN       INV_X8                  rf   4084.5      7.0      7.0      0.0     15.3      0.3      4.5      1    77,   66  /PD_TOP        (1.10)
i_0_14/i_116/B2->ZN      AOI21_X4*               fr   4144.6     60.1     60.1      0.0      3.5      0.6     29.7      2    77,   66  /PD_TOP        (1.10)
i_0_14/i_115/A->ZN       INV_X8                  rf   4151.6      7.0      7.0      0.0     15.3      0.3      4.5      1    77,   66  /PD_TOP        (1.10)
i_0_14/i_114/B2->ZN      AOI21_X4*               fr   4211.7     60.1     60.1      0.0      3.5      0.6     29.7      2    77,   66  /PD_TOP        (1.10)
i_0_14/i_112/A->ZN       INV_X8                  rf   4218.7      7.0      7.0      0.0     15.3      0.3      4.5      1    77,   66  /PD_TOP        (1.10)
i_0_14/i_111/B2->ZN      AOI21_X4*               fr   4278.8     60.1     60.1      0.0      3.5      0.6     29.7      2    77,   66  /PD_TOP        (1.10)
i_0_14/i_110/A->ZN       INV_X8                  rf   4285.8      7.0      7.0      0.0     15.3      0.3      4.5      1    77,   66  /PD_TOP        (1.10)
i_0_14/i_108/B2->ZN      AOI21_X4*               fr   4345.9     60.1     60.1      0.0      3.5      0.6     29.7      2    77,   66  /PD_TOP        (1.10)
i_0_14/i_107/A->ZN       INV_X8                  rf   4352.9      7.0      7.0      0.0     15.3      0.3      4.5      1    77,   66  /PD_TOP        (1.10)
i_0_14/i_106/B2->ZN      AOI21_X4*               fr   4413.0     60.1     60.1      0.0      3.5      0.6     29.7      2    77,   66  /PD_TOP        (1.10)
i_0_14/i_104/A->ZN       INV_X8                  rf   4420.0      7.0      7.0      0.0     15.3      0.3      4.5      1    77,   66  /PD_TOP        (1.10)
i_0_14/i_103/B2->ZN      AOI21_X4*               fr   4480.1     60.1     60.1      0.0      3.5      0.6     29.7      2    77,   66  /PD_TOP        (1.10)
i_0_14/i_102/A->ZN       INV_X8                  rf   4487.1      7.0      7.0      0.0     15.3      0.3      4.5      1    77,   66  /PD_TOP        (1.10)
i_0_14/i_100/B2->ZN      AOI21_X4*               fr   4547.2     60.1     60.1      0.0      3.5      0.6     29.7      2    77,   66  /PD_TOP        (1.10)
i_0_14/i_99/A->ZN        INV_X8                  rf   4554.2      7.0      7.0      0.0     15.3      0.3      4.5      1    77,   66  /PD_TOP        (1.10)
i_0_14/i_98/B2->ZN       AOI21_X4*               fr   4614.3     60.1     60.1      0.0      3.5      0.6     29.7      2    77,   66  /PD_TOP        (1.10)
i_0_14/i_96/A->ZN        INV_X8                  rf   4621.3      7.0      7.0      0.0     15.3      0.3      4.5      1    77,   66  /PD_TOP        (1.10)
i_0_14/i_95/B2->ZN       AOI21_X4*               fr   4681.4     60.1     60.1      0.0      3.5      0.6     29.7      2    77,   66  /PD_TOP        (1.10)
i_0_14/i_94/A->ZN        INV_X8                  rf   4688.4      7.0      7.0      0.0     15.3      0.3      4.5      1    77,   66  /PD_TOP        (1.10)
i_0_14/i_92/B2->ZN       AOI21_X4*               fr   4748.5     60.1     60.1      0.0      3.5      0.6     29.7      2    77,   66  /PD_TOP        (1.10)
i_0_14/i_91/A->ZN        INV_X8                  rf   4755.5      7.0      7.0      0.0     15.3      0.3      4.5      1    77,   66  /PD_TOP        (1.10)
i_0_14/i_90/B2->ZN       AOI21_X4*               fr   4815.6     60.1     60.1      0.0      3.5      0.6     29.7      2    77,   66  /PD_TOP        (1.10)
i_0_14/i_88/A->ZN        INV_X8                  rf   4822.6      7.0      7.0      0.0     15.3      0.3      4.5      1    77,   66  /PD_TOP        (1.10)
i_0_14/i_87/B2->ZN       AOI21_X4                fr   4850.7     28.1     28.1      0.0      3.5      0.3      3.6      1    77,   66  /PD_TOP        (1.10)
i_0_14/i_84/A->Z         XOR2_X2                 rr   4901.7     51.0     51.0      0.0     20.7      0.3      2.5      1    77,   66  /PD_TOP        (1.10)
i_0_0_67/A2->ZN          AND2_X4                 rr   4931.8     30.1     30.1      0.0     22.3      0.3      1.4      1    77,   66  /PD_TOP        (1.10)
Acc_reg[63]/D            DFF_X1                   r   4931.8      0.0               0.0      6.3                             77,   66  /PD_TOP        (1.10)
------------------------------------------------------------------------------------------------------------------------------------------------------------
Report for group I2R
------------------------------------------------------------------------------------------------------------------------------------------------------------
Startpoint: start
    (Clocked by vsysclk R)
Endpoint: clk_gate_Acc_reg/E
    (Clocked by vsysclk R)
Path Group: I2R
Data required time: 5912.3
    (Clock shift: 6000.0, minus Uncertainty: 0.0, plus Latency 0.0, minus Setup time: 87.7)
Data arrival time: 243.0
Slack: 5669.3
Logic depth: 2
------------------------------------------------------------------------------------------------------------------------------------------------------------
                                                     Arrival               Arc      Net               Net    Total   fan-                                   
Path                     Module/Cell           Edge     Time    Delay    Delay    Delay     Slew     Load     Load    out     Location Power Domain      (V)
                                                        (ps)     (ps)     (ps)     (ps)     (ps)     (ff)     (ff)    (#)      (um,um)                      
------------------------------------------------------------------------------------------------------------------------------------------------------------
start                    {set_input_delay}        r    200.0    200.0    200.0                        4.7     37.9      4   140,   69                       
i_0_0_909/A1->ZN         NOR2_X4                 rf    210.1      9.5      9.5      0.0    100.0      0.6      6.2      2    77,   66  /PD_TOP        (1.10)
i_0_0_910/A3->ZN         NAND3_X4*               fr    243.0     32.9     32.9      0.0      6.0      0.6     26.9      2    77,   66  /PD_TOP        (1.10)
clk_gate_Acc_reg/E       CLKGATETST_X2            r    243.0      0.6               0.6     15.3                             77,   66  /PD_TOP        (1.10)
------------------------------------------------------------------------------------------------------------------------------------------------------------
Report for group I2O
Report for group R2O
------------------------------------------------------------------------------------------------------------------------------------------------------------
Startpoint: regOut/out_reg[62]/Q
    (Clocked by vsysclk R)
Endpoint: result[62]
    (Clocked by vsysclk R)
Path Group: R2O
Data required time: 5500.0
    (Clock shift: 6000.0, minus Uncertainty: 0.0, plus Latency 0.0, minus Out delay: 500.0)
Data arrival time: 98.1
Slack: 5401.9
Logic depth: 0
------------------------------------------------------------------------------------------------------------------------------------------------------------
                                                     Arrival               Arc      Net               Net    Total   fan-                                   
Path                     Module/Cell           Edge     Time    Delay    Delay    Delay     Slew     Load     Load    out     Location Power Domain      (V)
                                                        (ps)     (ps)     (ps)     (ps)     (ps)     (ff)     (ff)    (#)      (um,um)                      
------------------------------------------------------------------------------------------------------------------------------------------------------------
clk                      {create_clock}           r      0.0      0.0      0.0                        0.0      0.0      6   140,   69                       
regOut/clk_gate_out_reg/CK->GCK
                         CLKGATETST_X1           rr      0.0      0.0      0.0      0.0      0.0      0.0      0.0     64    77,   66  /PD_TOP        (1.10)
regOut/out_reg[62]/CK->Q DFF_X1                  rf     97.3     97.3     97.3      0.0      0.0      4.5     14.5      1    77,   66  /PD_TOP        (1.10)
result[62]                                        f     98.1      0.8               0.8     18.4                            140,   82                       
------------------------------------------------------------------------------------------------------------------------------------------------------------
