Report 'report_mcmm_variation': MCMM Variation
Generated on Wed Jan 4 05:30:27 2023
  
------------------------------------------------------------
| MCMM variability report for design 'wallace_tree' (nano) |
|----------------------------------------------------------|
| MODE CORNER WNS TNS #Endpts WHS THS #Endpts              | 
------------------------------------------------------------


info UI33: performed report_mcmm_variation for 0 sec (CPU time: 0 sec; MEM: RSS - 642M, CVMEM - 1908M, PVMEM - 2636M)
Report 'report_path_group': Path Group
Generated on Wed Jan 4 05:30:27 2023
  
-------------------------------------------------------------------------------------------
|                               PATH GROUPS (SETUP) (nano)                                |
|-----------------------------------------------------------------------------------------|
| QOR Weight Margin TNS Range Endpoints Violating Endpoints Violating Endpoints % WNS TNS | 
-------------------------------------------------------------------------------------------


info UI33: performed report_path_group for 0 sec (CPU time: 0 sec; MEM: RSS - 642M, CVMEM - 1908M, PVMEM - 2636M)
SLACK HISTOGRAM
---------------
Select : SELECT_LATE

---------------------------------------------
| Slack           # End Pts Total # End Pts | 
|-------------------------------------------|
| 0.0000 - 4.9990 58        58              | 
| 5.0000 - 9.9990 134       192             | 
---------------------------------------------


info UI33: performed report_slack_histogram for 0 sec (CPU time: 0 sec; MEM: RSS - 642M, CVMEM - 1908M, PVMEM - 2636M)
Report 'report_path_group': Path Group
Generated on Wed Jan 4 05:30:27 2023
  
-------------------------------------------------------------------------------------------
|                                PATH GROUPS (HOLD) (nano)                                |
|-----------------------------------------------------------------------------------------|
| QOR Weight Margin TNS Range Endpoints Violating Endpoints Violating Endpoints % WNS TNS | 
-------------------------------------------------------------------------------------------


info UI33: performed report_path_group for 0 sec (CPU time: 0 sec; MEM: RSS - 642M, CVMEM - 1908M, PVMEM - 2636M)
SLACK HISTOGRAM
---------------
Select : SELECT_EARLY

---------------------------------------------
| Slack           # End Pts Total # End Pts | 
|-------------------------------------------|
| 0.0000 - 0.9990 128       128             | 
| 1.0000 - 1.9990 64        192             | 
---------------------------------------------


info UI33: performed report_slack_histogram for 0 sec (CPU time: 0 sec; MEM: RSS - 642M, CVMEM - 1908M, PVMEM - 2636M)
